Flow report for arria_v_si5338
Mon Jun 29 01:00:41 2020
Quartus Prime Version 17.1.0 Build 590 10/25/2017 SJ Standard Edition


---------------------
; Table of Contents ;
---------------------
  1. Legal Notice
  2. Flow Summary
  3. Flow Settings
  4. Flow Non-Default Global Settings
  5. Flow Elapsed Time
  6. Flow OS Summary
  7. Flow Log
  8. Flow Messages
  9. Flow Suppressed Messages



----------------
; Legal Notice ;
----------------
Copyright (C) 2017  Intel Corporation. All rights reserved.
Your use of Intel Corporation's design tools, logic functions 
and other software and tools, and its AMPP partner logic 
functions, and any output files from any of the foregoing 
(including device programming or simulation files), and any 
associated documentation or information are expressly subject 
to the terms and conditions of the Intel Program License 
Subscription Agreement, the Intel Quartus Prime License Agreement,
the Intel FPGA IP License Agreement, or other applicable license
agreement, including, without limitation, that your use is for
the sole purpose of programming logic devices manufactured by
Intel and sold by Intel or its authorized distributors.  Please
refer to the applicable agreement for further details.



+-----------------------------------------------------------------------------------+
; Flow Summary                                                                      ;
+---------------------------------+-------------------------------------------------+
; Flow Status                     ; Successful - Mon Jun 29 01:00:41 2020           ;
; Quartus Prime Version           ; 17.1.0 Build 590 10/25/2017 SJ Standard Edition ;
; Revision Name                   ; arria_v_si5338                                  ;
; Top-level Entity Name           ; arria_v_si5338                                  ;
; Family                          ; Arria V                                         ;
; Device                          ; 5AGTFC7H3F35I3                                  ;
; Timing Models                   ; Final                                           ;
; Logic utilization (in ALMs)     ; 262 / 91,680 ( < 1 % )                          ;
; Total registers                 ; 215                                             ;
; Total pins                      ; 16 / 656 ( 2 % )                                ;
; Total virtual pins              ; 0                                               ;
; Total block memory bits         ; 6,144 / 13,987,840 ( < 1 % )                    ;
; Total DSP Blocks                ; 0 / 800 ( 0 % )                                 ;
; Total HSSI RX PCSs              ; 0 / 24 ( 0 % )                                  ;
; Total HSSI PMA RX Deserializers ; 0 / 24 ( 0 % )                                  ;
; Total HSSI TX PCSs              ; 0 / 24 ( 0 % )                                  ;
; Total HSSI PMA TX Serializers   ; 0 / 24 ( 0 % )                                  ;
; Total PLLs                      ; 0 / 36 ( 0 % )                                  ;
; Total DLLs                      ; 0 / 4 ( 0 % )                                   ;
+---------------------------------+-------------------------------------------------+


+-----------------------------------------+
; Flow Settings                           ;
+-------------------+---------------------+
; Option            ; Setting             ;
+-------------------+---------------------+
; Start date & time ; 06/29/2020 00:59:29 ;
; Main task         ; Compilation         ;
; Revision Name     ; arria_v_si5338      ;
+-------------------+---------------------+


+---------------------------------------------------------------------------------------------------------------------------------+
; Flow Non-Default Global Settings                                                                                                ;
+-------------------------------------+--------------------------------------------+---------------+-------------+----------------+
; Assignment Name                     ; Value                                      ; Default Value ; Entity Name ; Section Id     ;
+-------------------------------------+--------------------------------------------+---------------+-------------+----------------+
; COMPILER_SIGNATURE_ID               ; 11967469382.159336356803624                ; --            ; --          ; --             ;
; EDA_OUTPUT_DATA_FORMAT              ; Verilog Hdl                                ; --            ; --          ; eda_simulation ;
; EDA_SIMULATION_TOOL                 ; ModelSim-Altera (Verilog)                  ; <None>        ; --          ; --             ;
; EDA_TIME_SCALE                      ; 1 ps                                       ; --            ; --          ; eda_simulation ;
; HDL_MESSAGE_LEVEL                   ; Level3                                     ; Level2        ; --          ; --             ;
; MAX_CORE_JUNCTION_TEMP              ; 100                                        ; --            ; --          ; --             ;
; MIN_CORE_JUNCTION_TEMP              ; -40                                        ; --            ; --          ; --             ;
; MISC_FILE                           ; src/si5338_controller/si5338_init_rom_bb.v ; --            ; --          ; --             ;
; NUM_PARALLEL_PROCESSORS             ; All                                        ; --            ; --          ; --             ;
; PARTITION_COLOR                     ; -- (Not supported for targeted family)     ; --            ; --          ; Top            ;
; PARTITION_FITTER_PRESERVATION_LEVEL ; -- (Not supported for targeted family)     ; --            ; --          ; Top            ;
; PARTITION_NETLIST_TYPE              ; -- (Not supported for targeted family)     ; --            ; --          ; Top            ;
; POWER_BOARD_THERMAL_MODEL           ; None (CONSERVATIVE)                        ; --            ; --          ; --             ;
; POWER_PRESET_COOLING_SOLUTION       ; 23 MM HEAT SINK WITH 200 LFPM AIRFLOW      ; --            ; --          ; --             ;
; PROJECT_OUTPUT_DIRECTORY            ; output_files                               ; --            ; --          ; --             ;
; SMART_RECOMPILE                     ; On                                         ; Off           ; --          ; --             ;
; VHDL_INPUT_VERSION                  ; VHDL_2008                                  ; VHDL_1993     ; --          ; --             ;
; VHDL_SHOW_LMF_MAPPING_MESSAGES      ; Off                                        ; --            ; --          ; --             ;
+-------------------------------------+--------------------------------------------+---------------+-------------+----------------+


+--------------------------------------------------------------------------------------------------------------------------+
; Flow Elapsed Time                                                                                                        ;
+----------------------+--------------+-------------------------+---------------------+------------------------------------+
; Module Name          ; Elapsed Time ; Average Processors Used ; Peak Virtual Memory ; Total CPU Time (on all processors) ;
+----------------------+--------------+-------------------------+---------------------+------------------------------------+
; Analysis & Synthesis ; 00:00:09     ; 1.0                     ; 4891 MB             ; 00:00:18                           ;
; Fitter               ; 00:00:51     ; 1.0                     ; 7594 MB             ; 00:02:06                           ;
; Assembler            ; 00:00:10     ; 1.0                     ; 4865 MB             ; 00:00:10                           ;
; Total                ; 00:01:10     ; --                      ; --                  ; 00:02:34                           ;
+----------------------+--------------+-------------------------+---------------------+------------------------------------+


+------------------------------------------------------------------------------------+
; Flow OS Summary                                                                    ;
+----------------------+------------------+------------+------------+----------------+
; Module Name          ; Machine Hostname ; OS Name    ; OS Version ; Processor type ;
+----------------------+------------------+------------+------------+----------------+
; Analysis & Synthesis ; DESKTOP-4UKJC18  ; Windows 10 ; 10.0       ; x86_64         ;
; Fitter               ; DESKTOP-4UKJC18  ; Windows 10 ; 10.0       ; x86_64         ;
; Assembler            ; DESKTOP-4UKJC18  ; Windows 10 ; 10.0       ; x86_64         ;
+----------------------+------------------+------------+------------+----------------+


------------
; Flow Log ;
------------
quartus_map --read_settings_files=on --write_settings_files=off arria_v_si5338 -c arria_v_si5338
quartus_fit --read_settings_files=off --write_settings_files=off arria_v_si5338 -c arria_v_si5338
quartus_asm --read_settings_files=off --write_settings_files=off arria_v_si5338 -c arria_v_si5338



