Analysis & Synthesis report for rgmii_a
Sat Jun 27 13:54:52 2020
Quartus Prime Version 17.1.0 Build 590 10/25/2017 SJ Standard Edition


---------------------
; Table of Contents ;
---------------------
  1. Legal Notice
  2. Analysis & Synthesis Summary
  3. Analysis & Synthesis Settings
  4. Parallel Compilation
  5. Analysis & Synthesis Source Files Read
  6. Analysis & Synthesis Resource Usage Summary
  7. Analysis & Synthesis Resource Utilization by Entity
  8. Analysis & Synthesis RAM Summary
  9. Analysis & Synthesis IP Cores Summary
 10. Registers Removed During Synthesis
 11. Removed Registers Triggering Further Register Optimizations
 12. General Register Statistics
 13. Inverted Register Statistics
 14. Multiplexer Restructuring Statistics (Restructuring Performed)
 15. Source assignments for ram:ram_inst|altsyncram:altsyncram_component|altsyncram_68q1:auto_generated
 16. Parameter Settings for User Entity Instance: ram:ram_inst|altsyncram:altsyncram_component
 17. altsyncram Parameter Settings by Entity Instance
 18. Port Connectivity Checks: "udp:udp_inst|iprecieve:iprecieve_inst"
 19. Port Connectivity Checks: "udp:udp_inst|crc:crc_inst"
 20. Port Connectivity Checks: "udp:udp_inst"
 21. Post-Synthesis Netlist Statistics for Top Partition
 22. Elapsed Time Per Partition
 23. Analysis & Synthesis Messages



----------------
; Legal Notice ;
----------------
Copyright (C) 2017  Intel Corporation. All rights reserved.
Your use of Intel Corporation's design tools, logic functions 
and other software and tools, and its AMPP partner logic 
functions, and any output files from any of the foregoing 
(including device programming or simulation files), and any 
associated documentation or information are expressly subject 
to the terms and conditions of the Intel Program License 
Subscription Agreement, the Intel Quartus Prime License Agreement,
the Intel FPGA IP License Agreement, or other applicable license
agreement, including, without limitation, that your use is for
the sole purpose of programming logic devices manufactured by
Intel and sold by Intel or its authorized distributors.  Please
refer to the applicable agreement for further details.



+-----------------------------------------------------------------------------------+
; Analysis & Synthesis Summary                                                      ;
+---------------------------------+-------------------------------------------------+
; Analysis & Synthesis Status     ; Successful - Sat Jun 27 13:54:52 2020           ;
; Quartus Prime Version           ; 17.1.0 Build 590 10/25/2017 SJ Standard Edition ;
; Revision Name                   ; rgmii_a                                         ;
; Top-level Entity Name           ; rgmii_a                                         ;
; Family                          ; Arria V                                         ;
; Logic utilization (in ALMs)     ; N/A                                             ;
; Total registers                 ; 755                                             ;
; Total pins                      ; 28                                              ;
; Total virtual pins              ; 0                                               ;
; Total block memory bits         ; 16,384                                          ;
; Total DSP Blocks                ; 0                                               ;
; Total HSSI RX PCSs              ; 0                                               ;
; Total HSSI PMA RX Deserializers ; 0                                               ;
; Total HSSI TX PCSs              ; 0                                               ;
; Total HSSI PMA TX Serializers   ; 0                                               ;
; Total PLLs                      ; 0                                               ;
; Total DLLs                      ; 0                                               ;
+---------------------------------+-------------------------------------------------+


+---------------------------------------------------------------------------------------------------------------------------+
; Analysis & Synthesis Settings                                                                                             ;
+---------------------------------------------------------------------------------+--------------------+--------------------+
; Option                                                                          ; Setting            ; Default Value      ;
+---------------------------------------------------------------------------------+--------------------+--------------------+
; Device                                                                          ; 5AGTFC7H3F35I3     ;                    ;
; Top-level entity name                                                           ; rgmii_a            ; rgmii_a            ;
; Family name                                                                     ; Arria V            ; Cyclone V          ;
; Use smart compilation                                                           ; On                 ; Off                ;
; Maximum processors allowed for parallel compilation                             ; All                ;                    ;
; VHDL Show LMF Mapping Messages                                                  ; Off                ;                    ;
; VHDL Version                                                                    ; VHDL_2008          ; VHDL_1993          ;
; HDL message level                                                               ; Level3             ; Level2             ;
; Enable parallel Assembler and TimeQuest Timing Analyzer during compilation      ; On                 ; On                 ;
; Enable compact report table                                                     ; Off                ; Off                ;
; Restructure Multiplexers                                                        ; Auto               ; Auto               ;
; MLAB Add Timing Constraints For Mixed-Port Feed-Through Mode Setting Don't Care ; Off                ; Off                ;
; Create Debugging Nodes for IP Cores                                             ; Off                ; Off                ;
; Preserve fewer node names                                                       ; On                 ; On                 ;
; Intel FPGA IP Evaluation Mode                                                   ; Enable             ; Enable             ;
; Verilog Version                                                                 ; Verilog_2001       ; Verilog_2001       ;
; State Machine Processing                                                        ; Auto               ; Auto               ;
; Safe State Machine                                                              ; Off                ; Off                ;
; Extract Verilog State Machines                                                  ; On                 ; On                 ;
; Extract VHDL State Machines                                                     ; On                 ; On                 ;
; Ignore Verilog initial constructs                                               ; Off                ; Off                ;
; Iteration limit for constant Verilog loops                                      ; 5000               ; 5000               ;
; Iteration limit for non-constant Verilog loops                                  ; 250                ; 250                ;
; Add Pass-Through Logic to Inferred RAMs                                         ; On                 ; On                 ;
; Infer RAMs from Raw Logic                                                       ; On                 ; On                 ;
; Parallel Synthesis                                                              ; On                 ; On                 ;
; DSP Block Balancing                                                             ; Auto               ; Auto               ;
; NOT Gate Push-Back                                                              ; On                 ; On                 ;
; Power-Up Don't Care                                                             ; On                 ; On                 ;
; Remove Redundant Logic Cells                                                    ; Off                ; Off                ;
; Remove Duplicate Registers                                                      ; On                 ; On                 ;
; Ignore CARRY Buffers                                                            ; Off                ; Off                ;
; Ignore CASCADE Buffers                                                          ; Off                ; Off                ;
; Ignore GLOBAL Buffers                                                           ; Off                ; Off                ;
; Ignore ROW GLOBAL Buffers                                                       ; Off                ; Off                ;
; Ignore LCELL Buffers                                                            ; Off                ; Off                ;
; Ignore SOFT Buffers                                                             ; On                 ; On                 ;
; Limit AHDL Integers to 32 Bits                                                  ; Off                ; Off                ;
; Optimization Technique                                                          ; Balanced           ; Balanced           ;
; Carry Chain Length                                                              ; 70                 ; 70                 ;
; Auto Carry Chains                                                               ; On                 ; On                 ;
; Auto Open-Drain Pins                                                            ; On                 ; On                 ;
; Perform WYSIWYG Primitive Resynthesis                                           ; Off                ; Off                ;
; Auto ROM Replacement                                                            ; On                 ; On                 ;
; Auto RAM Replacement                                                            ; On                 ; On                 ;
; Auto DSP Block Replacement                                                      ; On                 ; On                 ;
; Auto Shift Register Replacement                                                 ; Auto               ; Auto               ;
; Allow Shift Register Merging across Hierarchies                                 ; Auto               ; Auto               ;
; Auto Clock Enable Replacement                                                   ; On                 ; On                 ;
; Strict RAM Replacement                                                          ; Off                ; Off                ;
; Allow Synchronous Control Signals                                               ; On                 ; On                 ;
; Force Use of Synchronous Clear Signals                                          ; Off                ; Off                ;
; Auto Resource Sharing                                                           ; Off                ; Off                ;
; Allow Any RAM Size For Recognition                                              ; Off                ; Off                ;
; Allow Any ROM Size For Recognition                                              ; Off                ; Off                ;
; Allow Any Shift Register Size For Recognition                                   ; Off                ; Off                ;
; Use LogicLock Constraints during Resource Balancing                             ; On                 ; On                 ;
; Ignore translate_off and synthesis_off directives                               ; Off                ; Off                ;
; Timing-Driven Synthesis                                                         ; On                 ; On                 ;
; Report Parameter Settings                                                       ; On                 ; On                 ;
; Report Source Assignments                                                       ; On                 ; On                 ;
; Report Connectivity Checks                                                      ; On                 ; On                 ;
; Ignore Maximum Fan-Out Assignments                                              ; Off                ; Off                ;
; Synchronization Register Chain Length                                           ; 3                  ; 3                  ;
; Power Optimization During Synthesis                                             ; Normal compilation ; Normal compilation ;
; Suppress Register Optimization Related Messages                                 ; Off                ; Off                ;
; Number of Removed Registers Reported in Synthesis Report                        ; 5000               ; 5000               ;
; Number of Swept Nodes Reported in Synthesis Report                              ; 5000               ; 5000               ;
; Number of Inverted Registers Reported in Synthesis Report                       ; 100                ; 100                ;
; Clock MUX Protection                                                            ; On                 ; On                 ;
; Auto Gated Clock Conversion                                                     ; Off                ; Off                ;
; Block Design Naming                                                             ; Auto               ; Auto               ;
; SDC constraint protection                                                       ; Off                ; Off                ;
; Synthesis Effort                                                                ; Auto               ; Auto               ;
; Shift Register Replacement - Allow Asynchronous Clear Signal                    ; On                 ; On                 ;
; Pre-Mapping Resynthesis Optimization                                            ; Off                ; Off                ;
; Analysis & Synthesis Message Level                                              ; Medium             ; Medium             ;
; Disable Register Merging Across Hierarchies                                     ; Auto               ; Auto               ;
; Resource Aware Inference For Block RAM                                          ; On                 ; On                 ;
; Automatic Parallel Synthesis                                                    ; On                 ; On                 ;
; Partial Reconfiguration Bitstream ID                                            ; Off                ; Off                ;
+---------------------------------------------------------------------------------+--------------------+--------------------+


+------------------------------------------+
; Parallel Compilation                     ;
+----------------------------+-------------+
; Processors                 ; Number      ;
+----------------------------+-------------+
; Number detected on machine ; 8           ;
; Maximum allowed            ; 8           ;
;                            ;             ;
; Average used               ; 1.00        ;
; Maximum used               ; 8           ;
;                            ;             ;
; Usage by Processor         ; % Time Used ;
;     Processor 1            ; 100.0%      ;
;     Processor 2            ;   0.0%      ;
;     Processor 3            ;   0.0%      ;
;     Processor 4            ;   0.0%      ;
;     Processor 5            ;   0.0%      ;
;     Processors 6-7         ;   0.0%      ;
;     Processor 8            ;   0.0%      ;
+----------------------------+-------------+


+-----------------------------------------------------------------------------------------------------------------------------------------------------------------------------------+
; Analysis & Synthesis Source Files Read                                                                                                                                            ;
+----------------------------------+-----------------+------------------------------+-------------------------------------------------------------------------------------+---------+
; File Name with User-Entered Path ; Used in Netlist ; File Type                    ; File Name with Absolute Path                                                        ; Library ;
+----------------------------------+-----------------+------------------------------+-------------------------------------------------------------------------------------+---------+
; src/ram/ram.v                    ; yes             ; User Wizard-Generated File   ; C:/Users/briansuneZ/Desktop/AirraV_Prj/arria_v_golden_gmii_a/src/ram/ram.v          ;         ;
; src/udp.v                        ; yes             ; User Verilog HDL File        ; C:/Users/briansuneZ/Desktop/AirraV_Prj/arria_v_golden_gmii_a/src/udp.v              ;         ;
; src/ipsend.v                     ; yes             ; User Verilog HDL File        ; C:/Users/briansuneZ/Desktop/AirraV_Prj/arria_v_golden_gmii_a/src/ipsend.v           ;         ;
; src/iprecieve.v                  ; yes             ; User Verilog HDL File        ; C:/Users/briansuneZ/Desktop/AirraV_Prj/arria_v_golden_gmii_a/src/iprecieve.v        ;         ;
; src/crc.v                        ; yes             ; User Verilog HDL File        ; C:/Users/briansuneZ/Desktop/AirraV_Prj/arria_v_golden_gmii_a/src/crc.v              ;         ;
; src/rgmii_a.v                    ; yes             ; User Verilog HDL File        ; C:/Users/briansuneZ/Desktop/AirraV_Prj/arria_v_golden_gmii_a/src/rgmii_a.v          ;         ;
; altsyncram.tdf                   ; yes             ; Megafunction                 ; c:/intelfpga/17.1/quartus/libraries/megafunctions/altsyncram.tdf                    ;         ;
; stratix_ram_block.inc            ; yes             ; Megafunction                 ; c:/intelfpga/17.1/quartus/libraries/megafunctions/stratix_ram_block.inc             ;         ;
; lpm_mux.inc                      ; yes             ; Megafunction                 ; c:/intelfpga/17.1/quartus/libraries/megafunctions/lpm_mux.inc                       ;         ;
; lpm_decode.inc                   ; yes             ; Megafunction                 ; c:/intelfpga/17.1/quartus/libraries/megafunctions/lpm_decode.inc                    ;         ;
; aglobal171.inc                   ; yes             ; Megafunction                 ; c:/intelfpga/17.1/quartus/libraries/megafunctions/aglobal171.inc                    ;         ;
; a_rdenreg.inc                    ; yes             ; Megafunction                 ; c:/intelfpga/17.1/quartus/libraries/megafunctions/a_rdenreg.inc                     ;         ;
; altrom.inc                       ; yes             ; Megafunction                 ; c:/intelfpga/17.1/quartus/libraries/megafunctions/altrom.inc                        ;         ;
; altram.inc                       ; yes             ; Megafunction                 ; c:/intelfpga/17.1/quartus/libraries/megafunctions/altram.inc                        ;         ;
; altdpram.inc                     ; yes             ; Megafunction                 ; c:/intelfpga/17.1/quartus/libraries/megafunctions/altdpram.inc                      ;         ;
; db/altsyncram_68q1.tdf           ; yes             ; Auto-Generated Megafunction  ; C:/Users/briansuneZ/Desktop/AirraV_Prj/arria_v_golden_gmii_a/db/altsyncram_68q1.tdf ;         ;
+----------------------------------+-----------------+------------------------------+-------------------------------------------------------------------------------------+---------+


+-----------------------------------------------------------+
; Analysis & Synthesis Resource Usage Summary               ;
+---------------------------------------------+-------------+
; Resource                                    ; Usage       ;
+---------------------------------------------+-------------+
; Estimate of Logic utilization (ALMs needed) ; 484         ;
;                                             ;             ;
; Combinational ALUT usage for logic          ; 674         ;
;     -- 7 input functions                    ; 14          ;
;     -- 6 input functions                    ; 121         ;
;     -- 5 input functions                    ; 73          ;
;     -- 4 input functions                    ; 41          ;
;     -- <=3 input functions                  ; 425         ;
;                                             ;             ;
; Dedicated logic registers                   ; 755         ;
;                                             ;             ;
; I/O pins                                    ; 28          ;
; Total MLAB memory bits                      ; 0           ;
; Total block memory bits                     ; 16384       ;
;                                             ;             ;
; Total DSP Blocks                            ; 0           ;
;                                             ;             ;
; Maximum fan-out node                        ; e_rxc~input ;
; Maximum fan-out                             ; 451         ;
; Total fan-out                               ; 5508        ;
; Average fan-out                             ; 3.63        ;
+---------------------------------------------+-------------+


+----------------------------------------------------------------------------------------------------------------------------------------------------------------------------------------------------------------------------------------------------------------------------+
; Analysis & Synthesis Resource Utilization by Entity                                                                                                                                                                                                                        ;
+-------------------------------------------+---------------------+---------------------------+-------------------+------------+------+--------------+--------------------------------------------------------------------------------------+-----------------+--------------+
; Compilation Hierarchy Node                ; Combinational ALUTs ; Dedicated Logic Registers ; Block Memory Bits ; DSP Blocks ; Pins ; Virtual Pins ; Full Hierarchy Name                                                                  ; Entity Name     ; Library Name ;
+-------------------------------------------+---------------------+---------------------------+-------------------+------------+------+--------------+--------------------------------------------------------------------------------------+-----------------+--------------+
; |rgmii_a                                  ; 674 (104)           ; 755 (29)                  ; 16384             ; 0          ; 28   ; 0            ; |rgmii_a                                                                             ; rgmii_a         ; work         ;
;    |ram:ram_inst|                         ; 0 (0)               ; 0 (0)                     ; 16384             ; 0          ; 0    ; 0            ; |rgmii_a|ram:ram_inst                                                                ; ram             ; work         ;
;       |altsyncram:altsyncram_component|   ; 0 (0)               ; 0 (0)                     ; 16384             ; 0          ; 0    ; 0            ; |rgmii_a|ram:ram_inst|altsyncram:altsyncram_component                                ; altsyncram      ; work         ;
;          |altsyncram_68q1:auto_generated| ; 0 (0)               ; 0 (0)                     ; 16384             ; 0          ; 0    ; 0            ; |rgmii_a|ram:ram_inst|altsyncram:altsyncram_component|altsyncram_68q1:auto_generated ; altsyncram_68q1 ; work         ;
;    |udp:udp_inst|                         ; 570 (0)             ; 726 (0)                   ; 0                 ; 0          ; 0    ; 0            ; |rgmii_a|udp:udp_inst                                                                ; udp             ; work         ;
;       |crc:crc_inst|                      ; 42 (42)             ; 32 (32)                   ; 0                 ; 0          ; 0    ; 0            ; |rgmii_a|udp:udp_inst|crc:crc_inst                                                   ; crc             ; work         ;
;       |iprecieve:iprecieve_inst|          ; 143 (143)           ; 390 (390)                 ; 0                 ; 0          ; 0    ; 0            ; |rgmii_a|udp:udp_inst|iprecieve:iprecieve_inst                                       ; iprecieve       ; work         ;
;       |ipsend:ipsend_inst|                ; 385 (385)           ; 304 (304)                 ; 0                 ; 0          ; 0    ; 0            ; |rgmii_a|udp:udp_inst|ipsend:ipsend_inst                                             ; ipsend          ; work         ;
+-------------------------------------------+---------------------+---------------------------+-------------------+------------+------+--------------+--------------------------------------------------------------------------------------+-----------------+--------------+
Note: For table entries with two numbers listed, the numbers in parentheses indicate the number of resources of the given type used by the specific entity alone. The numbers listed outside of parentheses indicate the total resources of the given type used by the specific entity and all of its sub-entities in the hierarchy.


+---------------------------------------------------------------------------------------------------------------------------------------------------------------------------------------------+
; Analysis & Synthesis RAM Summary                                                                                                                                                            ;
+----------------------------------------------------------------------------------------+------+------------------+--------------+--------------+--------------+--------------+-------+------+
; Name                                                                                   ; Type ; Mode             ; Port A Depth ; Port A Width ; Port B Depth ; Port B Width ; Size  ; MIF  ;
+----------------------------------------------------------------------------------------+------+------------------+--------------+--------------+--------------+--------------+-------+------+
; ram:ram_inst|altsyncram:altsyncram_component|altsyncram_68q1:auto_generated|ALTSYNCRAM ; AUTO ; Simple Dual Port ; 512          ; 32           ; 512          ; 32           ; 16384 ; None ;
+----------------------------------------------------------------------------------------+------+------------------+--------------+--------------+--------------+--------------+-------+------+


+---------------------------------------------------------------------------------------------------------+
; Analysis & Synthesis IP Cores Summary                                                                   ;
+--------+--------------+---------+--------------+--------------+-----------------------+-----------------+
; Vendor ; IP Core Name ; Version ; Release Date ; License Type ; Entity Instance       ; IP Include File ;
+--------+--------------+---------+--------------+--------------+-----------------------+-----------------+
; Altera ; RAM: 2-PORT  ; 17.1    ; N/A          ; N/A          ; |rgmii_a|ram:ram_inst ; src/ram/ram.v   ;
+--------+--------------+---------+--------------+--------------+-----------------------+-----------------+


+------------------------------------------------------------------------------------------------+
; Registers Removed During Synthesis                                                             ;
+-------------------------------------------------------+----------------------------------------+
; Register name                                         ; Reason for Removal                     ;
+-------------------------------------------------------+----------------------------------------+
; udp:udp_inst|ipsend:ipsend_inst|ip_header[1][15]      ; Stuck at GND due to stuck port data_in ;
; udp:udp_inst|ipsend:ipsend_inst|ip_header[1][14]      ; Stuck at VCC due to stuck port data_in ;
; udp:udp_inst|ipsend:ipsend_inst|ip_header[1][13]      ; Stuck at GND due to stuck port data_in ;
; udp:udp_inst|ipsend:ipsend_inst|ip_header[1][12]      ; Stuck at GND due to stuck port data_in ;
; udp:udp_inst|ipsend:ipsend_inst|ip_header[1][11]      ; Stuck at GND due to stuck port data_in ;
; udp:udp_inst|ipsend:ipsend_inst|ip_header[1][10]      ; Stuck at GND due to stuck port data_in ;
; udp:udp_inst|ipsend:ipsend_inst|ip_header[1][9]       ; Stuck at GND due to stuck port data_in ;
; udp:udp_inst|ipsend:ipsend_inst|ip_header[1][8]       ; Stuck at GND due to stuck port data_in ;
; udp:udp_inst|ipsend:ipsend_inst|ip_header[1][7]       ; Stuck at GND due to stuck port data_in ;
; udp:udp_inst|ipsend:ipsend_inst|ip_header[1][6]       ; Stuck at GND due to stuck port data_in ;
; udp:udp_inst|ipsend:ipsend_inst|ip_header[1][5]       ; Stuck at GND due to stuck port data_in ;
; udp:udp_inst|ipsend:ipsend_inst|ip_header[1][4]       ; Stuck at GND due to stuck port data_in ;
; udp:udp_inst|ipsend:ipsend_inst|ip_header[1][3]       ; Stuck at GND due to stuck port data_in ;
; udp:udp_inst|ipsend:ipsend_inst|ip_header[1][2]       ; Stuck at GND due to stuck port data_in ;
; udp:udp_inst|ipsend:ipsend_inst|ip_header[1][1]       ; Stuck at GND due to stuck port data_in ;
; udp:udp_inst|ipsend:ipsend_inst|ip_header[1][0]       ; Stuck at GND due to stuck port data_in ;
; udp:udp_inst|ipsend:ipsend_inst|ip_header[0][31]      ; Stuck at GND due to stuck port data_in ;
; udp:udp_inst|ipsend:ipsend_inst|ip_header[0][30]      ; Stuck at VCC due to stuck port data_in ;
; udp:udp_inst|ipsend:ipsend_inst|ip_header[0][29]      ; Stuck at GND due to stuck port data_in ;
; udp:udp_inst|ipsend:ipsend_inst|ip_header[0][28]      ; Stuck at GND due to stuck port data_in ;
; udp:udp_inst|ipsend:ipsend_inst|ip_header[0][27]      ; Stuck at GND due to stuck port data_in ;
; udp:udp_inst|ipsend:ipsend_inst|ip_header[0][26]      ; Stuck at VCC due to stuck port data_in ;
; udp:udp_inst|ipsend:ipsend_inst|ip_header[0][25]      ; Stuck at GND due to stuck port data_in ;
; udp:udp_inst|ipsend:ipsend_inst|ip_header[0][24]      ; Stuck at VCC due to stuck port data_in ;
; udp:udp_inst|ipsend:ipsend_inst|ip_header[0][23]      ; Stuck at GND due to stuck port data_in ;
; udp:udp_inst|ipsend:ipsend_inst|ip_header[0][22]      ; Stuck at GND due to stuck port data_in ;
; udp:udp_inst|ipsend:ipsend_inst|ip_header[0][21]      ; Stuck at GND due to stuck port data_in ;
; udp:udp_inst|ipsend:ipsend_inst|ip_header[0][20]      ; Stuck at GND due to stuck port data_in ;
; udp:udp_inst|ipsend:ipsend_inst|ip_header[0][19]      ; Stuck at GND due to stuck port data_in ;
; udp:udp_inst|ipsend:ipsend_inst|ip_header[0][18]      ; Stuck at GND due to stuck port data_in ;
; udp:udp_inst|ipsend:ipsend_inst|ip_header[0][17]      ; Stuck at GND due to stuck port data_in ;
; udp:udp_inst|ipsend:ipsend_inst|ip_header[0][16]      ; Stuck at GND due to stuck port data_in ;
; udp:udp_inst|ipsend:ipsend_inst|ip_header[2][16]      ; Stuck at VCC due to stuck port data_in ;
; udp:udp_inst|ipsend:ipsend_inst|ip_header[2][17]      ; Stuck at GND due to stuck port data_in ;
; udp:udp_inst|ipsend:ipsend_inst|ip_header[2][18]      ; Stuck at GND due to stuck port data_in ;
; udp:udp_inst|ipsend:ipsend_inst|ip_header[2][19]      ; Stuck at GND due to stuck port data_in ;
; udp:udp_inst|ipsend:ipsend_inst|ip_header[2][20]      ; Stuck at VCC due to stuck port data_in ;
; udp:udp_inst|ipsend:ipsend_inst|ip_header[2][21]      ; Stuck at GND due to stuck port data_in ;
; udp:udp_inst|ipsend:ipsend_inst|ip_header[2][22]      ; Stuck at GND due to stuck port data_in ;
; udp:udp_inst|ipsend:ipsend_inst|ip_header[2][23]      ; Stuck at GND due to stuck port data_in ;
; udp:udp_inst|ipsend:ipsend_inst|ip_header[2][24]      ; Stuck at GND due to stuck port data_in ;
; udp:udp_inst|ipsend:ipsend_inst|ip_header[2][25]      ; Stuck at GND due to stuck port data_in ;
; udp:udp_inst|ipsend:ipsend_inst|ip_header[2][26]      ; Stuck at GND due to stuck port data_in ;
; udp:udp_inst|ipsend:ipsend_inst|ip_header[2][27]      ; Stuck at GND due to stuck port data_in ;
; udp:udp_inst|ipsend:ipsend_inst|ip_header[2][28]      ; Stuck at GND due to stuck port data_in ;
; udp:udp_inst|ipsend:ipsend_inst|ip_header[2][29]      ; Stuck at GND due to stuck port data_in ;
; udp:udp_inst|ipsend:ipsend_inst|ip_header[2][30]      ; Stuck at GND due to stuck port data_in ;
; udp:udp_inst|ipsend:ipsend_inst|ip_header[2][31]      ; Stuck at VCC due to stuck port data_in ;
; udp:udp_inst|ipsend:ipsend_inst|ip_header[3][0]       ; Stuck at VCC due to stuck port data_in ;
; udp:udp_inst|ipsend:ipsend_inst|ip_header[3][1]       ; Stuck at VCC due to stuck port data_in ;
; udp:udp_inst|ipsend:ipsend_inst|ip_header[3][2]       ; Stuck at VCC due to stuck port data_in ;
; udp:udp_inst|ipsend:ipsend_inst|ip_header[3][3]       ; Stuck at GND due to stuck port data_in ;
; udp:udp_inst|ipsend:ipsend_inst|ip_header[3][4]       ; Stuck at VCC due to stuck port data_in ;
; udp:udp_inst|ipsend:ipsend_inst|ip_header[3][5]       ; Stuck at VCC due to stuck port data_in ;
; udp:udp_inst|ipsend:ipsend_inst|ip_header[3][6]       ; Stuck at GND due to stuck port data_in ;
; udp:udp_inst|ipsend:ipsend_inst|ip_header[3][7]       ; Stuck at VCC due to stuck port data_in ;
; udp:udp_inst|ipsend:ipsend_inst|ip_header[3][8]       ; Stuck at VCC due to stuck port data_in ;
; udp:udp_inst|ipsend:ipsend_inst|ip_header[3][9]       ; Stuck at GND due to stuck port data_in ;
; udp:udp_inst|ipsend:ipsend_inst|ip_header[3][10]      ; Stuck at GND due to stuck port data_in ;
; udp:udp_inst|ipsend:ipsend_inst|ip_header[3][11]      ; Stuck at GND due to stuck port data_in ;
; udp:udp_inst|ipsend:ipsend_inst|ip_header[3][12]      ; Stuck at GND due to stuck port data_in ;
; udp:udp_inst|ipsend:ipsend_inst|ip_header[3][13]      ; Stuck at GND due to stuck port data_in ;
; udp:udp_inst|ipsend:ipsend_inst|ip_header[3][14]      ; Stuck at GND due to stuck port data_in ;
; udp:udp_inst|ipsend:ipsend_inst|ip_header[3][15]      ; Stuck at GND due to stuck port data_in ;
; udp:udp_inst|ipsend:ipsend_inst|ip_header[3][16]      ; Stuck at GND due to stuck port data_in ;
; udp:udp_inst|ipsend:ipsend_inst|ip_header[3][17]      ; Stuck at GND due to stuck port data_in ;
; udp:udp_inst|ipsend:ipsend_inst|ip_header[3][18]      ; Stuck at GND due to stuck port data_in ;
; udp:udp_inst|ipsend:ipsend_inst|ip_header[3][19]      ; Stuck at VCC due to stuck port data_in ;
; udp:udp_inst|ipsend:ipsend_inst|ip_header[3][20]      ; Stuck at GND due to stuck port data_in ;
; udp:udp_inst|ipsend:ipsend_inst|ip_header[3][21]      ; Stuck at VCC due to stuck port data_in ;
; udp:udp_inst|ipsend:ipsend_inst|ip_header[3][22]      ; Stuck at GND due to stuck port data_in ;
; udp:udp_inst|ipsend:ipsend_inst|ip_header[3][23]      ; Stuck at VCC due to stuck port data_in ;
; udp:udp_inst|ipsend:ipsend_inst|ip_header[3][24]      ; Stuck at GND due to stuck port data_in ;
; udp:udp_inst|ipsend:ipsend_inst|ip_header[3][25]      ; Stuck at GND due to stuck port data_in ;
; udp:udp_inst|ipsend:ipsend_inst|ip_header[3][26]      ; Stuck at GND due to stuck port data_in ;
; udp:udp_inst|ipsend:ipsend_inst|ip_header[3][27]      ; Stuck at GND due to stuck port data_in ;
; udp:udp_inst|ipsend:ipsend_inst|ip_header[3][28]      ; Stuck at GND due to stuck port data_in ;
; udp:udp_inst|ipsend:ipsend_inst|ip_header[3][29]      ; Stuck at GND due to stuck port data_in ;
; udp:udp_inst|ipsend:ipsend_inst|ip_header[3][30]      ; Stuck at VCC due to stuck port data_in ;
; udp:udp_inst|ipsend:ipsend_inst|ip_header[3][31]      ; Stuck at VCC due to stuck port data_in ;
; udp:udp_inst|ipsend:ipsend_inst|ip_header[4][0]       ; Stuck at VCC due to stuck port data_in ;
; udp:udp_inst|ipsend:ipsend_inst|ip_header[4][1]       ; Stuck at GND due to stuck port data_in ;
; udp:udp_inst|ipsend:ipsend_inst|ip_header[4][2]       ; Stuck at VCC due to stuck port data_in ;
; udp:udp_inst|ipsend:ipsend_inst|ip_header[4][3]       ; Stuck at GND due to stuck port data_in ;
; udp:udp_inst|ipsend:ipsend_inst|ip_header[4][4]       ; Stuck at GND due to stuck port data_in ;
; udp:udp_inst|ipsend:ipsend_inst|ip_header[4][5]       ; Stuck at VCC due to stuck port data_in ;
; udp:udp_inst|ipsend:ipsend_inst|ip_header[4][6]       ; Stuck at GND due to stuck port data_in ;
; udp:udp_inst|ipsend:ipsend_inst|ip_header[4][7]       ; Stuck at GND due to stuck port data_in ;
; udp:udp_inst|ipsend:ipsend_inst|ip_header[4][8]       ; Stuck at VCC due to stuck port data_in ;
; udp:udp_inst|ipsend:ipsend_inst|ip_header[4][9]       ; Stuck at GND due to stuck port data_in ;
; udp:udp_inst|ipsend:ipsend_inst|ip_header[4][10]      ; Stuck at GND due to stuck port data_in ;
; udp:udp_inst|ipsend:ipsend_inst|ip_header[4][11]      ; Stuck at GND due to stuck port data_in ;
; udp:udp_inst|ipsend:ipsend_inst|ip_header[4][12]      ; Stuck at GND due to stuck port data_in ;
; udp:udp_inst|ipsend:ipsend_inst|ip_header[4][13]      ; Stuck at GND due to stuck port data_in ;
; udp:udp_inst|ipsend:ipsend_inst|ip_header[4][14]      ; Stuck at GND due to stuck port data_in ;
; udp:udp_inst|ipsend:ipsend_inst|ip_header[4][15]      ; Stuck at GND due to stuck port data_in ;
; udp:udp_inst|ipsend:ipsend_inst|ip_header[4][16]      ; Stuck at GND due to stuck port data_in ;
; udp:udp_inst|ipsend:ipsend_inst|ip_header[4][17]      ; Stuck at GND due to stuck port data_in ;
; udp:udp_inst|ipsend:ipsend_inst|ip_header[4][18]      ; Stuck at GND due to stuck port data_in ;
; udp:udp_inst|ipsend:ipsend_inst|ip_header[4][19]      ; Stuck at VCC due to stuck port data_in ;
; udp:udp_inst|ipsend:ipsend_inst|ip_header[4][20]      ; Stuck at GND due to stuck port data_in ;
; udp:udp_inst|ipsend:ipsend_inst|ip_header[4][21]      ; Stuck at VCC due to stuck port data_in ;
; udp:udp_inst|ipsend:ipsend_inst|ip_header[4][22]      ; Stuck at GND due to stuck port data_in ;
; udp:udp_inst|ipsend:ipsend_inst|ip_header[4][23]      ; Stuck at VCC due to stuck port data_in ;
; udp:udp_inst|ipsend:ipsend_inst|ip_header[4][24]      ; Stuck at GND due to stuck port data_in ;
; udp:udp_inst|ipsend:ipsend_inst|ip_header[4][25]      ; Stuck at GND due to stuck port data_in ;
; udp:udp_inst|ipsend:ipsend_inst|ip_header[4][26]      ; Stuck at GND due to stuck port data_in ;
; udp:udp_inst|ipsend:ipsend_inst|ip_header[4][27]      ; Stuck at GND due to stuck port data_in ;
; udp:udp_inst|ipsend:ipsend_inst|ip_header[4][28]      ; Stuck at GND due to stuck port data_in ;
; udp:udp_inst|ipsend:ipsend_inst|ip_header[4][29]      ; Stuck at GND due to stuck port data_in ;
; udp:udp_inst|ipsend:ipsend_inst|ip_header[4][30]      ; Stuck at VCC due to stuck port data_in ;
; udp:udp_inst|ipsend:ipsend_inst|ip_header[4][31]      ; Stuck at VCC due to stuck port data_in ;
; udp:udp_inst|ipsend:ipsend_inst|ip_header[5][0]       ; Stuck at GND due to stuck port data_in ;
; udp:udp_inst|ipsend:ipsend_inst|ip_header[5][1]       ; Stuck at GND due to stuck port data_in ;
; udp:udp_inst|ipsend:ipsend_inst|ip_header[5][2]       ; Stuck at GND due to stuck port data_in ;
; udp:udp_inst|ipsend:ipsend_inst|ip_header[5][3]       ; Stuck at GND due to stuck port data_in ;
; udp:udp_inst|ipsend:ipsend_inst|ip_header[5][4]       ; Stuck at VCC due to stuck port data_in ;
; udp:udp_inst|ipsend:ipsend_inst|ip_header[5][5]       ; Stuck at GND due to stuck port data_in ;
; udp:udp_inst|ipsend:ipsend_inst|ip_header[5][6]       ; Stuck at GND due to stuck port data_in ;
; udp:udp_inst|ipsend:ipsend_inst|ip_header[5][7]       ; Stuck at VCC due to stuck port data_in ;
; udp:udp_inst|ipsend:ipsend_inst|ip_header[5][8]       ; Stuck at VCC due to stuck port data_in ;
; udp:udp_inst|ipsend:ipsend_inst|ip_header[5][9]       ; Stuck at VCC due to stuck port data_in ;
; udp:udp_inst|ipsend:ipsend_inst|ip_header[5][10]      ; Stuck at VCC due to stuck port data_in ;
; udp:udp_inst|ipsend:ipsend_inst|ip_header[5][11]      ; Stuck at VCC due to stuck port data_in ;
; udp:udp_inst|ipsend:ipsend_inst|ip_header[5][12]      ; Stuck at VCC due to stuck port data_in ;
; udp:udp_inst|ipsend:ipsend_inst|ip_header[5][13]      ; Stuck at GND due to stuck port data_in ;
; udp:udp_inst|ipsend:ipsend_inst|ip_header[5][14]      ; Stuck at GND due to stuck port data_in ;
; udp:udp_inst|ipsend:ipsend_inst|ip_header[5][15]      ; Stuck at GND due to stuck port data_in ;
; udp:udp_inst|ipsend:ipsend_inst|ip_header[5][16]      ; Stuck at GND due to stuck port data_in ;
; udp:udp_inst|ipsend:ipsend_inst|ip_header[5][17]      ; Stuck at GND due to stuck port data_in ;
; udp:udp_inst|ipsend:ipsend_inst|ip_header[5][18]      ; Stuck at GND due to stuck port data_in ;
; udp:udp_inst|ipsend:ipsend_inst|ip_header[5][19]      ; Stuck at GND due to stuck port data_in ;
; udp:udp_inst|ipsend:ipsend_inst|ip_header[5][20]      ; Stuck at VCC due to stuck port data_in ;
; udp:udp_inst|ipsend:ipsend_inst|ip_header[5][21]      ; Stuck at GND due to stuck port data_in ;
; udp:udp_inst|ipsend:ipsend_inst|ip_header[5][22]      ; Stuck at GND due to stuck port data_in ;
; udp:udp_inst|ipsend:ipsend_inst|ip_header[5][23]      ; Stuck at VCC due to stuck port data_in ;
; udp:udp_inst|ipsend:ipsend_inst|ip_header[5][24]      ; Stuck at VCC due to stuck port data_in ;
; udp:udp_inst|ipsend:ipsend_inst|ip_header[5][25]      ; Stuck at VCC due to stuck port data_in ;
; udp:udp_inst|ipsend:ipsend_inst|ip_header[5][26]      ; Stuck at VCC due to stuck port data_in ;
; udp:udp_inst|ipsend:ipsend_inst|ip_header[5][27]      ; Stuck at VCC due to stuck port data_in ;
; udp:udp_inst|ipsend:ipsend_inst|ip_header[5][28]      ; Stuck at VCC due to stuck port data_in ;
; udp:udp_inst|ipsend:ipsend_inst|ip_header[5][29]      ; Stuck at GND due to stuck port data_in ;
; udp:udp_inst|ipsend:ipsend_inst|ip_header[5][30]      ; Stuck at GND due to stuck port data_in ;
; udp:udp_inst|ipsend:ipsend_inst|ip_header[5][31]      ; Stuck at GND due to stuck port data_in ;
; udp:udp_inst|ipsend:ipsend_inst|ip_header[6][0]       ; Stuck at GND due to stuck port data_in ;
; udp:udp_inst|ipsend:ipsend_inst|ip_header[6][1]       ; Stuck at GND due to stuck port data_in ;
; udp:udp_inst|ipsend:ipsend_inst|ip_header[6][2]       ; Stuck at GND due to stuck port data_in ;
; udp:udp_inst|ipsend:ipsend_inst|ip_header[6][3]       ; Stuck at GND due to stuck port data_in ;
; udp:udp_inst|ipsend:ipsend_inst|ip_header[6][4]       ; Stuck at GND due to stuck port data_in ;
; udp:udp_inst|ipsend:ipsend_inst|ip_header[6][5]       ; Stuck at GND due to stuck port data_in ;
; udp:udp_inst|ipsend:ipsend_inst|ip_header[6][6]       ; Stuck at GND due to stuck port data_in ;
; udp:udp_inst|ipsend:ipsend_inst|ip_header[6][7]       ; Stuck at GND due to stuck port data_in ;
; udp:udp_inst|ipsend:ipsend_inst|ip_header[6][8]       ; Stuck at GND due to stuck port data_in ;
; udp:udp_inst|ipsend:ipsend_inst|ip_header[6][9]       ; Stuck at GND due to stuck port data_in ;
; udp:udp_inst|ipsend:ipsend_inst|ip_header[6][10]      ; Stuck at GND due to stuck port data_in ;
; udp:udp_inst|ipsend:ipsend_inst|ip_header[6][11]      ; Stuck at GND due to stuck port data_in ;
; udp:udp_inst|ipsend:ipsend_inst|ip_header[6][12]      ; Stuck at GND due to stuck port data_in ;
; udp:udp_inst|ipsend:ipsend_inst|ip_header[6][13]      ; Stuck at GND due to stuck port data_in ;
; udp:udp_inst|ipsend:ipsend_inst|ip_header[6][14]      ; Stuck at GND due to stuck port data_in ;
; udp:udp_inst|ipsend:ipsend_inst|ip_header[6][15]      ; Stuck at GND due to stuck port data_in ;
; udp:udp_inst|ipsend:ipsend_inst|check_buffer[20..31]  ; Stuck at GND due to stuck port data_in ;
; udp:udp_inst|ipsend:ipsend_inst|temp_e[0]             ; Stuck at VCC due to stuck port data_in ;
; udp:udp_inst|ipsend:ipsend_inst|temp_e[1]             ; Stuck at GND due to stuck port data_in ;
; udp:udp_inst|ipsend:ipsend_inst|temp_e[2]             ; Stuck at VCC due to stuck port data_in ;
; udp:udp_inst|ipsend:ipsend_inst|temp_e[16]            ; Stuck at GND due to stuck port data_in ;
; udp:udp_inst|ipsend:ipsend_inst|temp_d[0..2]          ; Stuck at VCC due to stuck port data_in ;
; udp:udp_inst|ipsend:ipsend_inst|temp_d[16]            ; Stuck at GND due to stuck port data_in ;
; udp:udp_inst|ipsend:ipsend_inst|temp_e[3]             ; Stuck at VCC due to stuck port data_in ;
; udp:udp_inst|ipsend:ipsend_inst|temp_e[4,5]           ; Stuck at GND due to stuck port data_in ;
; udp:udp_inst|ipsend:ipsend_inst|temp_e[6..8]          ; Stuck at VCC due to stuck port data_in ;
; udp:udp_inst|ipsend:ipsend_inst|temp_e[9..13]         ; Stuck at GND due to stuck port data_in ;
; udp:udp_inst|ipsend:ipsend_inst|temp_e[14,15]         ; Stuck at VCC due to stuck port data_in ;
; udp:udp_inst|ipsend:ipsend_inst|temp_d[3,4]           ; Stuck at VCC due to stuck port data_in ;
; udp:udp_inst|ipsend:ipsend_inst|temp_d[5]             ; Stuck at GND due to stuck port data_in ;
; udp:udp_inst|ipsend:ipsend_inst|temp_d[6]             ; Stuck at VCC due to stuck port data_in ;
; udp:udp_inst|ipsend:ipsend_inst|temp_d[7,8]           ; Stuck at GND due to stuck port data_in ;
; udp:udp_inst|ipsend:ipsend_inst|temp_d[9]             ; Stuck at VCC due to stuck port data_in ;
; udp:udp_inst|ipsend:ipsend_inst|temp_d[10..13]        ; Stuck at GND due to stuck port data_in ;
; udp:udp_inst|ipsend:ipsend_inst|temp_d[14,15]         ; Stuck at VCC due to stuck port data_in ;
; ram_data_i[17,20]                                     ; Merged with ram_data_i[0]              ;
; ram_data_i[8]                                         ; Merged with ram_data_i[16]             ;
; ram_data_i[7,19,23,25,27,31]                          ; Merged with ram_data_i[15]             ;
; ram_data_i[5,14,30]                                   ; Merged with ram_data_i[12]             ;
; ram_data_i[1]                                         ; Merged with ram_data_i[11]             ;
; ram_data_i[4]                                         ; Merged with ram_data_i[2]              ;
; ram_data_i[29]                                        ; Merged with ram_data_i[10]             ;
; ram_data_i[26,28]                                     ; Merged with ram_data_i[18]             ;
; ram_data_i[6]                                         ; Merged with ram_data_i[13]             ;
; udp:udp_inst|ipsend:ipsend_inst|tx_state[3]           ; Stuck at GND due to stuck port data_in ;
; ram_data_i[15]                                        ; Stuck at GND due to stuck port data_in ;
; udp:udp_inst|iprecieve:iprecieve_inst|byte_counter[2] ; Stuck at GND due to stuck port data_in ;
; Total Number of Removed Registers = 227               ;                                        ;
+-------------------------------------------------------+----------------------------------------+


+---------------------------------------------------------------------------------------------------------------------------+
; Removed Registers Triggering Further Register Optimizations                                                               ;
+-------------------------------------------------+---------------------------+---------------------------------------------+
; Register name                                   ; Reason for Removal        ; Registers Removed due to This Register      ;
+-------------------------------------------------+---------------------------+---------------------------------------------+
; udp:udp_inst|ipsend:ipsend_inst|ip_header[3][0] ; Stuck at VCC              ; udp:udp_inst|ipsend:ipsend_inst|temp_d[8],  ;
;                                                 ; due to stuck port data_in ; udp:udp_inst|ipsend:ipsend_inst|temp_d[9],  ;
;                                                 ;                           ; udp:udp_inst|ipsend:ipsend_inst|temp_d[10], ;
;                                                 ;                           ; udp:udp_inst|ipsend:ipsend_inst|temp_d[11], ;
;                                                 ;                           ; udp:udp_inst|ipsend:ipsend_inst|temp_d[12], ;
;                                                 ;                           ; udp:udp_inst|ipsend:ipsend_inst|temp_d[13], ;
;                                                 ;                           ; udp:udp_inst|ipsend:ipsend_inst|temp_d[14], ;
;                                                 ;                           ; udp:udp_inst|ipsend:ipsend_inst|temp_d[15]  ;
; udp:udp_inst|ipsend:ipsend_inst|ip_header[4][0] ; Stuck at VCC              ; udp:udp_inst|ipsend:ipsend_inst|temp_e[8],  ;
;                                                 ; due to stuck port data_in ; udp:udp_inst|ipsend:ipsend_inst|temp_e[9],  ;
;                                                 ;                           ; udp:udp_inst|ipsend:ipsend_inst|temp_e[10], ;
;                                                 ;                           ; udp:udp_inst|ipsend:ipsend_inst|temp_e[11], ;
;                                                 ;                           ; udp:udp_inst|ipsend:ipsend_inst|temp_e[12], ;
;                                                 ;                           ; udp:udp_inst|ipsend:ipsend_inst|temp_e[13], ;
;                                                 ;                           ; udp:udp_inst|ipsend:ipsend_inst|temp_e[14], ;
;                                                 ;                           ; udp:udp_inst|ipsend:ipsend_inst|temp_e[15]  ;
+-------------------------------------------------+---------------------------+---------------------------------------------+


+------------------------------------------------------+
; General Register Statistics                          ;
+----------------------------------------------+-------+
; Statistic                                    ; Value ;
+----------------------------------------------+-------+
; Total registers                              ; 755   ;
; Number of registers using Synchronous Clear  ; 170   ;
; Number of registers using Synchronous Load   ; 34    ;
; Number of registers using Asynchronous Clear ; 32    ;
; Number of registers using Asynchronous Load  ; 0     ;
; Number of registers using Clock Enable       ; 735   ;
; Number of registers using Preset             ; 0     ;
+----------------------------------------------+-------+


+---------------------------------------------------+
; Inverted Register Statistics                      ;
+-----------------------------------------+---------+
; Inverted Register                       ; Fan out ;
+-----------------------------------------+---------+
; udp:udp_inst|crc:crc_inst|Crc[7]        ; 2       ;
; udp:udp_inst|crc:crc_inst|Crc[15]       ; 2       ;
; udp:udp_inst|crc:crc_inst|Crc[31]       ; 6       ;
; udp:udp_inst|crc:crc_inst|Crc[23]       ; 2       ;
; udp:udp_inst|crc:crc_inst|Crc[6]        ; 2       ;
; udp:udp_inst|crc:crc_inst|Crc[14]       ; 2       ;
; udp:udp_inst|crc:crc_inst|Crc[30]       ; 5       ;
; udp:udp_inst|crc:crc_inst|Crc[22]       ; 2       ;
; udp:udp_inst|crc:crc_inst|Crc[5]        ; 2       ;
; udp:udp_inst|crc:crc_inst|Crc[13]       ; 2       ;
; udp:udp_inst|crc:crc_inst|Crc[29]       ; 8       ;
; udp:udp_inst|crc:crc_inst|Crc[21]       ; 2       ;
; udp:udp_inst|crc:crc_inst|Crc[4]        ; 2       ;
; udp:udp_inst|crc:crc_inst|Crc[12]       ; 2       ;
; udp:udp_inst|crc:crc_inst|Crc[28]       ; 6       ;
; udp:udp_inst|crc:crc_inst|Crc[20]       ; 2       ;
; udp:udp_inst|crc:crc_inst|Crc[3]        ; 2       ;
; udp:udp_inst|crc:crc_inst|Crc[11]       ; 2       ;
; udp:udp_inst|crc:crc_inst|Crc[27]       ; 6       ;
; udp:udp_inst|crc:crc_inst|Crc[19]       ; 2       ;
; udp:udp_inst|crc:crc_inst|Crc[2]        ; 2       ;
; udp:udp_inst|crc:crc_inst|Crc[10]       ; 2       ;
; udp:udp_inst|crc:crc_inst|Crc[26]       ; 6       ;
; udp:udp_inst|crc:crc_inst|Crc[18]       ; 2       ;
; udp:udp_inst|crc:crc_inst|Crc[1]        ; 2       ;
; udp:udp_inst|crc:crc_inst|Crc[9]        ; 2       ;
; udp:udp_inst|crc:crc_inst|Crc[25]       ; 12      ;
; udp:udp_inst|crc:crc_inst|Crc[17]       ; 2       ;
; udp:udp_inst|crc:crc_inst|Crc[24]       ; 15      ;
; udp:udp_inst|crc:crc_inst|Crc[16]       ; 2       ;
; udp:udp_inst|crc:crc_inst|Crc[8]        ; 2       ;
; udp:udp_inst|crc:crc_inst|Crc[0]        ; 2       ;
; Total number of inverted registers = 32 ;         ;
+-----------------------------------------+---------+


+-------------------------------------------------------------------------------------------------------------------------------------------------------------------------------+
; Multiplexer Restructuring Statistics (Restructuring Performed)                                                                                                                ;
+--------------------+-----------+---------------+----------------------+------------------------+------------+-----------------------------------------------------------------+
; Multiplexer Inputs ; Bus Width ; Baseline Area ; Area if Restructured ; Saving if Restructured ; Registered ; Example Multiplexer Output                                      ;
+--------------------+-----------+---------------+----------------------+------------------------+------------+-----------------------------------------------------------------+
; 3:1                ; 16 bits   ; 32 LEs        ; 16 LEs               ; 16 LEs                 ; Yes        ; |rgmii_a|udp:udp_inst|ipsend:ipsend_inst|check_buffer[8]        ;
; 3:1                ; 14 bits   ; 28 LEs        ; 0 LEs                ; 28 LEs                 ; Yes        ; |rgmii_a|i[1]                                                   ;
; 17:1               ; 16 bits   ; 176 LEs       ; 0 LEs                ; 176 LEs                ; Yes        ; |rgmii_a|udp:udp_inst|ipsend:ipsend_inst|ip_header[2][6]        ;
; 17:1               ; 32 bits   ; 352 LEs       ; 0 LEs                ; 352 LEs                ; Yes        ; |rgmii_a|udp:udp_inst|ipsend:ipsend_inst|datain_reg[14]         ;
; 17:1               ; 16 bits   ; 176 LEs       ; 0 LEs                ; 176 LEs                ; Yes        ; |rgmii_a|udp:udp_inst|ipsend:ipsend_inst|tx_data_counter[13]    ;
; 7:1                ; 14 bits   ; 56 LEs        ; 42 LEs               ; 14 LEs                 ; Yes        ; |rgmii_a|ram_data_i[24]                                         ;
; 6:1                ; 8 bits    ; 32 LEs        ; 0 LEs                ; 32 LEs                 ; Yes        ; |rgmii_a|udp:udp_inst|iprecieve:iprecieve_inst|data_o[3]        ;
; 6:1                ; 8 bits    ; 32 LEs        ; 0 LEs                ; 32 LEs                 ; Yes        ; |rgmii_a|udp:udp_inst|iprecieve:iprecieve_inst|data_o[8]        ;
; 6:1                ; 8 bits    ; 32 LEs        ; 16 LEs               ; 16 LEs                 ; Yes        ; |rgmii_a|udp:udp_inst|iprecieve:iprecieve_inst|data_o[16]       ;
; 6:1                ; 8 bits    ; 32 LEs        ; 16 LEs               ; 16 LEs                 ; Yes        ; |rgmii_a|udp:udp_inst|iprecieve:iprecieve_inst|data_o[24]       ;
; 17:1               ; 9 bits    ; 99 LEs        ; 0 LEs                ; 99 LEs                 ; Yes        ; |rgmii_a|udp:udp_inst|iprecieve:iprecieve_inst|ram_wr_addr[5]   ;
; 17:1               ; 9 bits    ; 99 LEs        ; 9 LEs                ; 90 LEs                 ; Yes        ; |rgmii_a|udp:udp_inst|ipsend:ipsend_inst|ram_rd_addr[3]         ;
; 18:1               ; 5 bits    ; 60 LEs        ; 10 LEs               ; 50 LEs                 ; Yes        ; |rgmii_a|udp:udp_inst|ipsend:ipsend_inst|j[4]                   ;
; 18:1               ; 16 bits   ; 192 LEs       ; 0 LEs                ; 192 LEs                ; Yes        ; |rgmii_a|udp:udp_inst|iprecieve:iprecieve_inst|data_counter[11] ;
; 19:1               ; 24 bits   ; 288 LEs       ; 0 LEs                ; 288 LEs                ; Yes        ; |rgmii_a|udp:udp_inst|iprecieve:iprecieve_inst|mydata[3]        ;
; 22:1               ; 2 bits    ; 28 LEs        ; 6 LEs                ; 22 LEs                 ; Yes        ; |rgmii_a|udp:udp_inst|ipsend:ipsend_inst|tx_state[3]            ;
; 23:1               ; 2 bits    ; 30 LEs        ; 8 LEs                ; 22 LEs                 ; Yes        ; |rgmii_a|udp:udp_inst|ipsend:ipsend_inst|tx_state[1]            ;
; 23:1               ; 3 bits    ; 45 LEs        ; 12 LEs               ; 33 LEs                 ; Yes        ; |rgmii_a|udp:udp_inst|iprecieve:iprecieve_inst|byte_counter[1]  ;
; 22:1               ; 5 bits    ; 70 LEs        ; 20 LEs               ; 50 LEs                 ; Yes        ; |rgmii_a|udp:udp_inst|ipsend:ipsend_inst|i[0]                   ;
; 26:1               ; 5 bits    ; 85 LEs        ; 10 LEs               ; 75 LEs                 ; Yes        ; |rgmii_a|udp:udp_inst|iprecieve:iprecieve_inst|state_counter[0] ;
; 52:1               ; 5 bits    ; 170 LEs       ; 125 LEs              ; 45 LEs                 ; Yes        ; |rgmii_a|udp:udp_inst|ipsend:ipsend_inst|dataout[4]             ;
; 46:1               ; 2 bits    ; 60 LEs        ; 48 LEs               ; 12 LEs                 ; Yes        ; |rgmii_a|udp:udp_inst|ipsend:ipsend_inst|dataout[6]             ;
+--------------------+-----------+---------------+----------------------+------------------------+------------+-----------------------------------------------------------------+


+----------------------------------------------------------------------------------------------------+
; Source assignments for ram:ram_inst|altsyncram:altsyncram_component|altsyncram_68q1:auto_generated ;
+---------------------------------+--------------------+------+--------------------------------------+
; Assignment                      ; Value              ; From ; To                                   ;
+---------------------------------+--------------------+------+--------------------------------------+
; OPTIMIZE_POWER_DURING_SYNTHESIS ; NORMAL_COMPILATION ; -    ; -                                    ;
+---------------------------------+--------------------+------+--------------------------------------+


+-------------------------------------------------------------------------------------------+
; Parameter Settings for User Entity Instance: ram:ram_inst|altsyncram:altsyncram_component ;
+------------------------------------+----------------------+-------------------------------+
; Parameter Name                     ; Value                ; Type                          ;
+------------------------------------+----------------------+-------------------------------+
; BYTE_SIZE_BLOCK                    ; 8                    ; Untyped                       ;
; AUTO_CARRY_CHAINS                  ; ON                   ; AUTO_CARRY                    ;
; IGNORE_CARRY_BUFFERS               ; OFF                  ; IGNORE_CARRY                  ;
; AUTO_CASCADE_CHAINS                ; ON                   ; AUTO_CASCADE                  ;
; IGNORE_CASCADE_BUFFERS             ; OFF                  ; IGNORE_CASCADE                ;
; WIDTH_BYTEENA                      ; 1                    ; Untyped                       ;
; OPERATION_MODE                     ; DUAL_PORT            ; Untyped                       ;
; WIDTH_A                            ; 32                   ; Signed Integer                ;
; WIDTHAD_A                          ; 9                    ; Signed Integer                ;
; NUMWORDS_A                         ; 512                  ; Signed Integer                ;
; OUTDATA_REG_A                      ; UNREGISTERED         ; Untyped                       ;
; ADDRESS_ACLR_A                     ; NONE                 ; Untyped                       ;
; OUTDATA_ACLR_A                     ; NONE                 ; Untyped                       ;
; WRCONTROL_ACLR_A                   ; NONE                 ; Untyped                       ;
; INDATA_ACLR_A                      ; NONE                 ; Untyped                       ;
; BYTEENA_ACLR_A                     ; NONE                 ; Untyped                       ;
; WIDTH_B                            ; 32                   ; Signed Integer                ;
; WIDTHAD_B                          ; 9                    ; Signed Integer                ;
; NUMWORDS_B                         ; 512                  ; Signed Integer                ;
; INDATA_REG_B                       ; CLOCK1               ; Untyped                       ;
; WRCONTROL_WRADDRESS_REG_B          ; CLOCK1               ; Untyped                       ;
; RDCONTROL_REG_B                    ; CLOCK1               ; Untyped                       ;
; ADDRESS_REG_B                      ; CLOCK1               ; Untyped                       ;
; OUTDATA_REG_B                      ; UNREGISTERED         ; Untyped                       ;
; BYTEENA_REG_B                      ; CLOCK1               ; Untyped                       ;
; INDATA_ACLR_B                      ; NONE                 ; Untyped                       ;
; WRCONTROL_ACLR_B                   ; NONE                 ; Untyped                       ;
; ADDRESS_ACLR_B                     ; NONE                 ; Untyped                       ;
; OUTDATA_ACLR_B                     ; NONE                 ; Untyped                       ;
; RDCONTROL_ACLR_B                   ; NONE                 ; Untyped                       ;
; BYTEENA_ACLR_B                     ; NONE                 ; Untyped                       ;
; WIDTH_BYTEENA_A                    ; 1                    ; Signed Integer                ;
; WIDTH_BYTEENA_B                    ; 1                    ; Untyped                       ;
; RAM_BLOCK_TYPE                     ; AUTO                 ; Untyped                       ;
; BYTE_SIZE                          ; 8                    ; Untyped                       ;
; READ_DURING_WRITE_MODE_MIXED_PORTS ; DONT_CARE            ; Untyped                       ;
; READ_DURING_WRITE_MODE_PORT_A      ; NEW_DATA_NO_NBE_READ ; Untyped                       ;
; READ_DURING_WRITE_MODE_PORT_B      ; NEW_DATA_NO_NBE_READ ; Untyped                       ;
; INIT_FILE                          ; UNUSED               ; Untyped                       ;
; INIT_FILE_LAYOUT                   ; PORT_A               ; Untyped                       ;
; MAXIMUM_DEPTH                      ; 0                    ; Untyped                       ;
; CLOCK_ENABLE_INPUT_A               ; BYPASS               ; Untyped                       ;
; CLOCK_ENABLE_INPUT_B               ; BYPASS               ; Untyped                       ;
; CLOCK_ENABLE_OUTPUT_A              ; NORMAL               ; Untyped                       ;
; CLOCK_ENABLE_OUTPUT_B              ; BYPASS               ; Untyped                       ;
; CLOCK_ENABLE_CORE_A                ; USE_INPUT_CLKEN      ; Untyped                       ;
; CLOCK_ENABLE_CORE_B                ; USE_INPUT_CLKEN      ; Untyped                       ;
; ENABLE_ECC                         ; FALSE                ; Untyped                       ;
; ECC_PIPELINE_STAGE_ENABLED         ; FALSE                ; Untyped                       ;
; WIDTH_ECCSTATUS                    ; 3                    ; Untyped                       ;
; DEVICE_FAMILY                      ; Arria V              ; Untyped                       ;
; CBXI_PARAMETER                     ; altsyncram_68q1      ; Untyped                       ;
+------------------------------------+----------------------+-------------------------------+
Note: In order to hide this table in the UI and the text report file, please set the "Show Parameter Settings in Synthesis Report" option in "Analysis and Synthesis Settings -> More Settings" to "Off".


+------------------------------------------------------------------------------------------+
; altsyncram Parameter Settings by Entity Instance                                         ;
+-------------------------------------------+----------------------------------------------+
; Name                                      ; Value                                        ;
+-------------------------------------------+----------------------------------------------+
; Number of entity instances                ; 1                                            ;
; Entity Instance                           ; ram:ram_inst|altsyncram:altsyncram_component ;
;     -- OPERATION_MODE                     ; DUAL_PORT                                    ;
;     -- WIDTH_A                            ; 32                                           ;
;     -- NUMWORDS_A                         ; 512                                          ;
;     -- OUTDATA_REG_A                      ; UNREGISTERED                                 ;
;     -- WIDTH_B                            ; 32                                           ;
;     -- NUMWORDS_B                         ; 512                                          ;
;     -- ADDRESS_REG_B                      ; CLOCK1                                       ;
;     -- OUTDATA_REG_B                      ; UNREGISTERED                                 ;
;     -- RAM_BLOCK_TYPE                     ; AUTO                                         ;
;     -- READ_DURING_WRITE_MODE_MIXED_PORTS ; DONT_CARE                                    ;
+-------------------------------------------+----------------------------------------------+


+-------------------------------------------------------------------+
; Port Connectivity Checks: "udp:udp_inst|iprecieve:iprecieve_inst" ;
+------------+--------+----------+----------------------------------+
; Port       ; Type   ; Severity ; Details                          ;
+------------+--------+----------+----------------------------------+
; board_mac  ; Output ; Info     ; Explicitly unconnected           ;
; pc_mac     ; Output ; Info     ; Explicitly unconnected           ;
; IP_Prtcl   ; Output ; Info     ; Explicitly unconnected           ;
; IP_layer   ; Output ; Info     ; Explicitly unconnected           ;
; pc_IP      ; Output ; Info     ; Explicitly unconnected           ;
; board_IP   ; Output ; Info     ; Explicitly unconnected           ;
; UDP_layer  ; Output ; Info     ; Explicitly unconnected           ;
; valid_ip_P ; Output ; Info     ; Explicitly unconnected           ;
+------------+--------+----------+----------------------------------+


+-------------------------------------------------------------------------------------------------------------------+
; Port Connectivity Checks: "udp:udp_inst|crc:crc_inst"                                                             ;
+---------+--------+----------+-------------------------------------------------------------------------------------+
; Port    ; Type   ; Severity ; Details                                                                             ;
+---------+--------+----------+-------------------------------------------------------------------------------------+
; CrcNext ; Output ; Info     ; Connected to dangling logic. Logic that only feeds a dangling port will be removed. ;
+---------+--------+----------+-------------------------------------------------------------------------------------+


+--------------------------------------------------------------------------------------------------------------------+
; Port Connectivity Checks: "udp:udp_inst"                                                                           ;
+----------+--------+----------+-------------------------------------------------------------------------------------+
; Port     ; Type   ; Severity ; Details                                                                             ;
+----------+--------+----------+-------------------------------------------------------------------------------------+
; rx_state ; Output ; Info     ; Connected to dangling logic. Logic that only feeds a dangling port will be removed. ;
; tx_state ; Output ; Info     ; Connected to dangling logic. Logic that only feeds a dangling port will be removed. ;
+----------+--------+----------+-------------------------------------------------------------------------------------+


+-----------------------------------------------------+
; Post-Synthesis Netlist Statistics for Top Partition ;
+-----------------------+-----------------------------+
; Type                  ; Count                       ;
+-----------------------+-----------------------------+
; arriav_ff             ; 755                         ;
;     ENA               ; 514                         ;
;     ENA CLR           ; 32                          ;
;     ENA SCLR          ; 156                         ;
;     ENA SCLR SLD      ; 8                           ;
;     ENA SLD           ; 25                          ;
;     SCLR              ; 6                           ;
;     SLD               ; 1                           ;
;     plain             ; 13                          ;
; arriav_io_obuf        ; 1                           ;
; arriav_lcell_comb     ; 675                         ;
;     arith             ; 255                         ;
;         0 data inputs ; 8                           ;
;         1 data inputs ; 189                         ;
;         2 data inputs ; 58                          ;
;     extend            ; 14                          ;
;         7 data inputs ; 14                          ;
;     normal            ; 406                         ;
;         0 data inputs ; 2                           ;
;         1 data inputs ; 25                          ;
;         2 data inputs ; 73                          ;
;         3 data inputs ; 71                          ;
;         4 data inputs ; 41                          ;
;         5 data inputs ; 73                          ;
;         6 data inputs ; 121                         ;
; boundary_port         ; 28                          ;
; stratixv_ram_block    ; 32                          ;
;                       ;                             ;
; Max LUT depth         ; 5.60                        ;
; Average LUT depth     ; 2.23                        ;
+-----------------------+-----------------------------+


+-------------------------------+
; Elapsed Time Per Partition    ;
+----------------+--------------+
; Partition Name ; Elapsed Time ;
+----------------+--------------+
; Top            ; 00:00:01     ;
+----------------+--------------+


+-------------------------------+
; Analysis & Synthesis Messages ;
+-------------------------------+
Info: *******************************************************************
Info: Running Quartus Prime Analysis & Synthesis
    Info: Version 17.1.0 Build 590 10/25/2017 SJ Standard Edition
    Info: Processing started: Sat Jun 27 13:54:43 2020
Info: Command: quartus_map --read_settings_files=on --write_settings_files=off rgmii_a -c rgmii_a
Info (20030): Parallel compilation is enabled and will use 8 of the 8 processors detected
Info (12021): Found 1 design units, including 1 entities, in source file src/ram/ram.v
    Info (12023): Found entity 1: ram File: C:/Users/briansuneZ/Desktop/AirraV_Prj/arria_v_golden_gmii_a/src/ram/ram.v Line: 39
Info (12021): Found 1 design units, including 1 entities, in source file src/udp.v
    Info (12023): Found entity 1: udp File: C:/Users/briansuneZ/Desktop/AirraV_Prj/arria_v_golden_gmii_a/src/udp.v Line: 2
Info (12021): Found 1 design units, including 1 entities, in source file src/mdio_com.v
    Info (12023): Found entity 1: mdio_com File: C:/Users/briansuneZ/Desktop/AirraV_Prj/arria_v_golden_gmii_a/src/mdio_com.v Line: 2
Info (12021): Found 1 design units, including 1 entities, in source file src/ipsend.v
    Info (12023): Found entity 1: ipsend File: C:/Users/briansuneZ/Desktop/AirraV_Prj/arria_v_golden_gmii_a/src/ipsend.v Line: 3
Info (12021): Found 1 design units, including 1 entities, in source file src/iprecieve.v
    Info (12023): Found entity 1: iprecieve File: C:/Users/briansuneZ/Desktop/AirraV_Prj/arria_v_golden_gmii_a/src/iprecieve.v Line: 4
Info (12021): Found 1 design units, including 1 entities, in source file src/crc.v
    Info (12023): Found entity 1: crc File: C:/Users/briansuneZ/Desktop/AirraV_Prj/arria_v_golden_gmii_a/src/crc.v Line: 4
Info (12021): Found 1 design units, including 1 entities, in source file src/rgmii_a.v
    Info (12023): Found entity 1: rgmii_a File: C:/Users/briansuneZ/Desktop/AirraV_Prj/arria_v_golden_gmii_a/src/rgmii_a.v Line: 3
Info (12127): Elaborating entity "rgmii_a" for the top level hierarchy
Info (10035): Verilog HDL or VHDL information at rgmii_a.v(31): object "datain_reg" declared but not used File: C:/Users/briansuneZ/Desktop/AirraV_Prj/arria_v_golden_gmii_a/src/rgmii_a.v Line: 31
Info (10662): Verilog HDL Assignment information at rgmii_a.v(123): truncated unsized constant literal with size 32 to size 9 with no loss of information File: C:/Users/briansuneZ/Desktop/AirraV_Prj/arria_v_golden_gmii_a/src/rgmii_a.v Line: 123
Info (10662): Verilog HDL Assignment information at rgmii_a.v(125): truncated unsized constant literal with size 32 to size 5 with no loss of information File: C:/Users/briansuneZ/Desktop/AirraV_Prj/arria_v_golden_gmii_a/src/rgmii_a.v Line: 125
Warning (10040): Verilog HDL or VHDL arithmetic warning at rgmii_a.v(132): loss of carry in addition or borrow in subtraction File: C:/Users/briansuneZ/Desktop/AirraV_Prj/arria_v_golden_gmii_a/src/rgmii_a.v Line: 132
Warning (10040): Verilog HDL or VHDL arithmetic warning at rgmii_a.v(134): loss of carry in addition or borrow in subtraction File: C:/Users/briansuneZ/Desktop/AirraV_Prj/arria_v_golden_gmii_a/src/rgmii_a.v Line: 134
Warning (10862): bidir port "e_mdio" at rgmii_a.v(10) has no fan-out File: C:/Users/briansuneZ/Desktop/AirraV_Prj/arria_v_golden_gmii_a/src/rgmii_a.v Line: 10
Warning (10862): input port "e_rxer" at rgmii_a.v(15) has no fan-out File: C:/Users/briansuneZ/Desktop/AirraV_Prj/arria_v_golden_gmii_a/src/rgmii_a.v Line: 15
Warning (10862): input port "e_txc" at rgmii_a.v(19) has no fan-out File: C:/Users/briansuneZ/Desktop/AirraV_Prj/arria_v_golden_gmii_a/src/rgmii_a.v Line: 19
Info (12128): Elaborating entity "udp" for hierarchy "udp:udp_inst" File: C:/Users/briansuneZ/Desktop/AirraV_Prj/arria_v_golden_gmii_a/src/rgmii_a.v Line: 95
Info (12128): Elaborating entity "ipsend" for hierarchy "udp:udp_inst|ipsend:ipsend_inst" File: C:/Users/briansuneZ/Desktop/AirraV_Prj/arria_v_golden_gmii_a/src/udp.v Line: 50
Info (10662): Verilog HDL Assignment information at ipsend.v(73): truncated unsized constant literal with size 32 to size 5 with no loss of information File: C:/Users/briansuneZ/Desktop/AirraV_Prj/arria_v_golden_gmii_a/src/ipsend.v Line: 73
Info (10662): Verilog HDL Assignment information at ipsend.v(94): truncated unsized constant literal with size 32 to size 1 with no loss of information File: C:/Users/briansuneZ/Desktop/AirraV_Prj/arria_v_golden_gmii_a/src/ipsend.v Line: 94
Info (10662): Verilog HDL Assignment information at ipsend.v(95): truncated unsized constant literal with size 32 to size 5 with no loss of information File: C:/Users/briansuneZ/Desktop/AirraV_Prj/arria_v_golden_gmii_a/src/ipsend.v Line: 95
Info (10662): Verilog HDL Assignment information at ipsend.v(96): truncated unsized constant literal with size 32 to size 8 with no loss of information File: C:/Users/briansuneZ/Desktop/AirraV_Prj/arria_v_golden_gmii_a/src/ipsend.v Line: 96
Info (10662): Verilog HDL Assignment information at ipsend.v(97): truncated unsized constant literal with size 32 to size 9 with no loss of information File: C:/Users/briansuneZ/Desktop/AirraV_Prj/arria_v_golden_gmii_a/src/ipsend.v Line: 97
Info (10662): Verilog HDL Assignment information at ipsend.v(98): truncated unsized constant literal with size 32 to size 16 with no loss of information File: C:/Users/briansuneZ/Desktop/AirraV_Prj/arria_v_golden_gmii_a/src/ipsend.v Line: 98
Warning (10040): Verilog HDL or VHDL arithmetic warning at ipsend.v(105): loss of carry in addition or borrow in subtraction File: C:/Users/briansuneZ/Desktop/AirraV_Prj/arria_v_golden_gmii_a/src/ipsend.v Line: 105
Warning (10040): Verilog HDL or VHDL arithmetic warning at ipsend.v(112): loss of carry in addition or borrow in subtraction File: C:/Users/briansuneZ/Desktop/AirraV_Prj/arria_v_golden_gmii_a/src/ipsend.v Line: 112
Warning (10040): Verilog HDL or VHDL arithmetic warning at ipsend.v(131): loss of carry in addition or borrow in subtraction File: C:/Users/briansuneZ/Desktop/AirraV_Prj/arria_v_golden_gmii_a/src/ipsend.v Line: 131
Warning (10040): Verilog HDL or VHDL arithmetic warning at ipsend.v(136): loss of carry in addition or borrow in subtraction File: C:/Users/briansuneZ/Desktop/AirraV_Prj/arria_v_golden_gmii_a/src/ipsend.v Line: 136
Warning (10040): Verilog HDL or VHDL arithmetic warning at ipsend.v(140): loss of carry in addition or borrow in subtraction File: C:/Users/briansuneZ/Desktop/AirraV_Prj/arria_v_golden_gmii_a/src/ipsend.v Line: 140
Warning (10040): Verilog HDL or VHDL arithmetic warning at ipsend.v(144): loss of carry in addition or borrow in subtraction File: C:/Users/briansuneZ/Desktop/AirraV_Prj/arria_v_golden_gmii_a/src/ipsend.v Line: 144
Warning (10040): Verilog HDL or VHDL arithmetic warning at ipsend.v(147): loss of carry in addition or borrow in subtraction File: C:/Users/briansuneZ/Desktop/AirraV_Prj/arria_v_golden_gmii_a/src/ipsend.v Line: 147
Warning (10040): Verilog HDL or VHDL arithmetic warning at ipsend.v(148): loss of carry in addition or borrow in subtraction File: C:/Users/briansuneZ/Desktop/AirraV_Prj/arria_v_golden_gmii_a/src/ipsend.v Line: 148
Info (10662): Verilog HDL Assignment information at ipsend.v(152): truncated unsized constant literal with size 32 to size 5 with no loss of information File: C:/Users/briansuneZ/Desktop/AirraV_Prj/arria_v_golden_gmii_a/src/ipsend.v Line: 152
Info (10662): Verilog HDL Assignment information at ipsend.v(165): truncated unsized constant literal with size 32 to size 5 with no loss of information File: C:/Users/briansuneZ/Desktop/AirraV_Prj/arria_v_golden_gmii_a/src/ipsend.v Line: 165
Warning (10230): Verilog HDL assignment warning at ipsend.v(169): truncated value with size 32 to match size of target (5) File: C:/Users/briansuneZ/Desktop/AirraV_Prj/arria_v_golden_gmii_a/src/ipsend.v Line: 169
Info (10662): Verilog HDL Assignment information at ipsend.v(182): truncated unsized constant literal with size 32 to size 5 with no loss of information File: C:/Users/briansuneZ/Desktop/AirraV_Prj/arria_v_golden_gmii_a/src/ipsend.v Line: 182
Warning (10040): Verilog HDL or VHDL arithmetic warning at ipsend.v(186): loss of carry in addition or borrow in subtraction File: C:/Users/briansuneZ/Desktop/AirraV_Prj/arria_v_golden_gmii_a/src/ipsend.v Line: 186
Warning (10040): Verilog HDL or VHDL arithmetic warning at ipsend.v(200): loss of carry in addition or borrow in subtraction File: C:/Users/briansuneZ/Desktop/AirraV_Prj/arria_v_golden_gmii_a/src/ipsend.v Line: 200
Warning (10040): Verilog HDL or VHDL arithmetic warning at ipsend.v(203): loss of carry in addition or borrow in subtraction File: C:/Users/briansuneZ/Desktop/AirraV_Prj/arria_v_golden_gmii_a/src/ipsend.v Line: 203
Warning (10040): Verilog HDL or VHDL arithmetic warning at ipsend.v(206): loss of carry in addition or borrow in subtraction File: C:/Users/briansuneZ/Desktop/AirraV_Prj/arria_v_golden_gmii_a/src/ipsend.v Line: 206
Info (10662): Verilog HDL Assignment information at ipsend.v(209): truncated unsized constant literal with size 32 to size 5 with no loss of information File: C:/Users/briansuneZ/Desktop/AirraV_Prj/arria_v_golden_gmii_a/src/ipsend.v Line: 209
Info (10662): Verilog HDL Assignment information at ipsend.v(210): truncated unsized constant literal with size 32 to size 5 with no loss of information File: C:/Users/briansuneZ/Desktop/AirraV_Prj/arria_v_golden_gmii_a/src/ipsend.v Line: 210
Warning (10040): Verilog HDL or VHDL arithmetic warning at ipsend.v(219): loss of carry in addition or borrow in subtraction File: C:/Users/briansuneZ/Desktop/AirraV_Prj/arria_v_golden_gmii_a/src/ipsend.v Line: 219
Warning (10040): Verilog HDL or VHDL arithmetic warning at ipsend.v(222): loss of carry in addition or borrow in subtraction File: C:/Users/briansuneZ/Desktop/AirraV_Prj/arria_v_golden_gmii_a/src/ipsend.v Line: 222
Warning (10040): Verilog HDL or VHDL arithmetic warning at ipsend.v(225): loss of carry in addition or borrow in subtraction File: C:/Users/briansuneZ/Desktop/AirraV_Prj/arria_v_golden_gmii_a/src/ipsend.v Line: 225
Info (10662): Verilog HDL Assignment information at ipsend.v(228): truncated unsized constant literal with size 32 to size 5 with no loss of information File: C:/Users/briansuneZ/Desktop/AirraV_Prj/arria_v_golden_gmii_a/src/ipsend.v Line: 228
Warning (10040): Verilog HDL or VHDL arithmetic warning at ipsend.v(229): loss of carry in addition or borrow in subtraction File: C:/Users/briansuneZ/Desktop/AirraV_Prj/arria_v_golden_gmii_a/src/ipsend.v Line: 229
Info (10662): Verilog HDL Assignment information at ipsend.v(245): truncated unsized constant literal with size 32 to size 5 with no loss of information File: C:/Users/briansuneZ/Desktop/AirraV_Prj/arria_v_golden_gmii_a/src/ipsend.v Line: 245
Info (10662): Verilog HDL Assignment information at ipsend.v(248): truncated unsized constant literal with size 32 to size 5 with no loss of information File: C:/Users/briansuneZ/Desktop/AirraV_Prj/arria_v_golden_gmii_a/src/ipsend.v Line: 248
Info (10662): Verilog HDL Assignment information at ipsend.v(251): truncated unsized constant literal with size 32 to size 5 with no loss of information File: C:/Users/briansuneZ/Desktop/AirraV_Prj/arria_v_golden_gmii_a/src/ipsend.v Line: 251
Info (10662): Verilog HDL Assignment information at ipsend.v(256): truncated unsized constant literal with size 32 to size 5 with no loss of information File: C:/Users/briansuneZ/Desktop/AirraV_Prj/arria_v_golden_gmii_a/src/ipsend.v Line: 256
Warning (10040): Verilog HDL or VHDL arithmetic warning at ipsend.v(262): loss of carry in addition or borrow in subtraction File: C:/Users/briansuneZ/Desktop/AirraV_Prj/arria_v_golden_gmii_a/src/ipsend.v Line: 262
Warning (10040): Verilog HDL or VHDL arithmetic warning at ipsend.v(266): loss of carry in addition or borrow in subtraction File: C:/Users/briansuneZ/Desktop/AirraV_Prj/arria_v_golden_gmii_a/src/ipsend.v Line: 266
Warning (10040): Verilog HDL or VHDL arithmetic warning at ipsend.v(268): loss of carry in addition or borrow in subtraction File: C:/Users/briansuneZ/Desktop/AirraV_Prj/arria_v_golden_gmii_a/src/ipsend.v Line: 268
Warning (10040): Verilog HDL or VHDL arithmetic warning at ipsend.v(271): loss of carry in addition or borrow in subtraction File: C:/Users/briansuneZ/Desktop/AirraV_Prj/arria_v_golden_gmii_a/src/ipsend.v Line: 271
Warning (10040): Verilog HDL or VHDL arithmetic warning at ipsend.v(274): loss of carry in addition or borrow in subtraction File: C:/Users/briansuneZ/Desktop/AirraV_Prj/arria_v_golden_gmii_a/src/ipsend.v Line: 274
Info (10662): Verilog HDL Assignment information at ipsend.v(279): truncated unsized constant literal with size 32 to size 5 with no loss of information File: C:/Users/briansuneZ/Desktop/AirraV_Prj/arria_v_golden_gmii_a/src/ipsend.v Line: 279
Warning (10040): Verilog HDL or VHDL arithmetic warning at ipsend.v(290): loss of carry in addition or borrow in subtraction File: C:/Users/briansuneZ/Desktop/AirraV_Prj/arria_v_golden_gmii_a/src/ipsend.v Line: 290
Warning (10040): Verilog HDL or VHDL arithmetic warning at ipsend.v(294): loss of carry in addition or borrow in subtraction File: C:/Users/briansuneZ/Desktop/AirraV_Prj/arria_v_golden_gmii_a/src/ipsend.v Line: 294
Warning (10040): Verilog HDL or VHDL arithmetic warning at ipsend.v(297): loss of carry in addition or borrow in subtraction File: C:/Users/briansuneZ/Desktop/AirraV_Prj/arria_v_golden_gmii_a/src/ipsend.v Line: 297
Info (10662): Verilog HDL Assignment information at ipsend.v(300): truncated unsized constant literal with size 32 to size 5 with no loss of information File: C:/Users/briansuneZ/Desktop/AirraV_Prj/arria_v_golden_gmii_a/src/ipsend.v Line: 300
Warning (10030): Net "preamble.data_a" at ipsend.v(22) has no driver or initial value, using a default initial value '0' File: C:/Users/briansuneZ/Desktop/AirraV_Prj/arria_v_golden_gmii_a/src/ipsend.v Line: 22
Warning (10030): Net "preamble.waddr_a" at ipsend.v(22) has no driver or initial value, using a default initial value '0' File: C:/Users/briansuneZ/Desktop/AirraV_Prj/arria_v_golden_gmii_a/src/ipsend.v Line: 22
Warning (10030): Net "mac_addr.data_a" at ipsend.v(23) has no driver or initial value, using a default initial value '0' File: C:/Users/briansuneZ/Desktop/AirraV_Prj/arria_v_golden_gmii_a/src/ipsend.v Line: 23
Warning (10030): Net "mac_addr.waddr_a" at ipsend.v(23) has no driver or initial value, using a default initial value '0' File: C:/Users/briansuneZ/Desktop/AirraV_Prj/arria_v_golden_gmii_a/src/ipsend.v Line: 23
Warning (10030): Net "preamble.we_a" at ipsend.v(22) has no driver or initial value, using a default initial value '0' File: C:/Users/briansuneZ/Desktop/AirraV_Prj/arria_v_golden_gmii_a/src/ipsend.v Line: 22
Warning (10030): Net "mac_addr.we_a" at ipsend.v(23) has no driver or initial value, using a default initial value '0' File: C:/Users/briansuneZ/Desktop/AirraV_Prj/arria_v_golden_gmii_a/src/ipsend.v Line: 23
Info (12128): Elaborating entity "crc" for hierarchy "udp:udp_inst|crc:crc_inst" File: C:/Users/briansuneZ/Desktop/AirraV_Prj/arria_v_golden_gmii_a/src/udp.v Line: 59
Info (12128): Elaborating entity "iprecieve" for hierarchy "udp:udp_inst|iprecieve:iprecieve_inst" File: C:/Users/briansuneZ/Desktop/AirraV_Prj/arria_v_golden_gmii_a/src/udp.v Line: 82
Info (10662): Verilog HDL Assignment information at iprecieve.v(69): truncated unsized constant literal with size 32 to size 9 with no loss of information File: C:/Users/briansuneZ/Desktop/AirraV_Prj/arria_v_golden_gmii_a/src/iprecieve.v Line: 69
Info (10662): Verilog HDL Assignment information at iprecieve.v(86): truncated unsized constant literal with size 32 to size 5 with no loss of information File: C:/Users/briansuneZ/Desktop/AirraV_Prj/arria_v_golden_gmii_a/src/iprecieve.v Line: 86
Warning (10040): Verilog HDL or VHDL arithmetic warning at iprecieve.v(89): loss of carry in addition or borrow in subtraction File: C:/Users/briansuneZ/Desktop/AirraV_Prj/arria_v_golden_gmii_a/src/iprecieve.v Line: 89
Warning (10040): Verilog HDL or VHDL arithmetic warning at iprecieve.v(108): loss of carry in addition or borrow in subtraction File: C:/Users/briansuneZ/Desktop/AirraV_Prj/arria_v_golden_gmii_a/src/iprecieve.v Line: 108
Warning (10040): Verilog HDL or VHDL arithmetic warning at iprecieve.v(131): loss of carry in addition or borrow in subtraction File: C:/Users/briansuneZ/Desktop/AirraV_Prj/arria_v_golden_gmii_a/src/iprecieve.v Line: 131
Warning (10040): Verilog HDL or VHDL arithmetic warning at iprecieve.v(150): loss of carry in addition or borrow in subtraction File: C:/Users/briansuneZ/Desktop/AirraV_Prj/arria_v_golden_gmii_a/src/iprecieve.v Line: 150
Warning (10040): Verilog HDL or VHDL arithmetic warning at iprecieve.v(172): loss of carry in addition or borrow in subtraction File: C:/Users/briansuneZ/Desktop/AirraV_Prj/arria_v_golden_gmii_a/src/iprecieve.v Line: 172
Info (10662): Verilog HDL Assignment information at iprecieve.v(191): truncated unsized constant literal with size 32 to size 16 with no loss of information File: C:/Users/briansuneZ/Desktop/AirraV_Prj/arria_v_golden_gmii_a/src/iprecieve.v Line: 191
Warning (10040): Verilog HDL or VHDL arithmetic warning at iprecieve.v(193): loss of carry in addition or borrow in subtraction File: C:/Users/briansuneZ/Desktop/AirraV_Prj/arria_v_golden_gmii_a/src/iprecieve.v Line: 193
Info (10662): Verilog HDL Assignment information at iprecieve.v(199): truncated unsized constant literal with size 32 to size 3 with no loss of information File: C:/Users/briansuneZ/Desktop/AirraV_Prj/arria_v_golden_gmii_a/src/iprecieve.v Line: 199
Info (10662): Verilog HDL Assignment information at iprecieve.v(203): truncated unsized constant literal with size 32 to size 3 with no loss of information File: C:/Users/briansuneZ/Desktop/AirraV_Prj/arria_v_golden_gmii_a/src/iprecieve.v Line: 203
Info (10662): Verilog HDL Assignment information at iprecieve.v(207): truncated unsized constant literal with size 32 to size 3 with no loss of information File: C:/Users/briansuneZ/Desktop/AirraV_Prj/arria_v_golden_gmii_a/src/iprecieve.v Line: 207
Info (10662): Verilog HDL Assignment information at iprecieve.v(211): truncated unsized constant literal with size 32 to size 3 with no loss of information File: C:/Users/briansuneZ/Desktop/AirraV_Prj/arria_v_golden_gmii_a/src/iprecieve.v Line: 211
Warning (10040): Verilog HDL or VHDL arithmetic warning at iprecieve.v(216): loss of carry in addition or borrow in subtraction File: C:/Users/briansuneZ/Desktop/AirraV_Prj/arria_v_golden_gmii_a/src/iprecieve.v Line: 216
Warning (10040): Verilog HDL or VHDL arithmetic warning at iprecieve.v(220): loss of carry in addition or borrow in subtraction File: C:/Users/briansuneZ/Desktop/AirraV_Prj/arria_v_golden_gmii_a/src/iprecieve.v Line: 220
Warning (10040): Verilog HDL or VHDL arithmetic warning at iprecieve.v(226): loss of carry in addition or borrow in subtraction File: C:/Users/briansuneZ/Desktop/AirraV_Prj/arria_v_golden_gmii_a/src/iprecieve.v Line: 226
Info (12128): Elaborating entity "ram" for hierarchy "ram:ram_inst" File: C:/Users/briansuneZ/Desktop/AirraV_Prj/arria_v_golden_gmii_a/src/rgmii_a.v Line: 107
Info (12128): Elaborating entity "altsyncram" for hierarchy "ram:ram_inst|altsyncram:altsyncram_component" File: C:/Users/briansuneZ/Desktop/AirraV_Prj/arria_v_golden_gmii_a/src/ram/ram.v Line: 90
Info (12130): Elaborated megafunction instantiation "ram:ram_inst|altsyncram:altsyncram_component" File: C:/Users/briansuneZ/Desktop/AirraV_Prj/arria_v_golden_gmii_a/src/ram/ram.v Line: 90
Info (12133): Instantiated megafunction "ram:ram_inst|altsyncram:altsyncram_component" with the following parameter: File: C:/Users/briansuneZ/Desktop/AirraV_Prj/arria_v_golden_gmii_a/src/ram/ram.v Line: 90
    Info (12134): Parameter "address_aclr_b" = "NONE"
    Info (12134): Parameter "address_reg_b" = "CLOCK1"
    Info (12134): Parameter "clock_enable_input_a" = "BYPASS"
    Info (12134): Parameter "clock_enable_input_b" = "BYPASS"
    Info (12134): Parameter "clock_enable_output_b" = "BYPASS"
    Info (12134): Parameter "intended_device_family" = "Arria V"
    Info (12134): Parameter "lpm_type" = "altsyncram"
    Info (12134): Parameter "numwords_a" = "512"
    Info (12134): Parameter "numwords_b" = "512"
    Info (12134): Parameter "operation_mode" = "DUAL_PORT"
    Info (12134): Parameter "outdata_aclr_b" = "NONE"
    Info (12134): Parameter "outdata_reg_b" = "UNREGISTERED"
    Info (12134): Parameter "power_up_uninitialized" = "FALSE"
    Info (12134): Parameter "widthad_a" = "9"
    Info (12134): Parameter "widthad_b" = "9"
    Info (12134): Parameter "width_a" = "32"
    Info (12134): Parameter "width_b" = "32"
    Info (12134): Parameter "width_byteena_a" = "1"
Info (12021): Found 1 design units, including 1 entities, in source file db/altsyncram_68q1.tdf
    Info (12023): Found entity 1: altsyncram_68q1 File: C:/Users/briansuneZ/Desktop/AirraV_Prj/arria_v_golden_gmii_a/db/altsyncram_68q1.tdf Line: 27
Info (12128): Elaborating entity "altsyncram_68q1" for hierarchy "ram:ram_inst|altsyncram:altsyncram_component|altsyncram_68q1:auto_generated" File: c:/intelfpga/17.1/quartus/libraries/megafunctions/altsyncram.tdf Line: 791
Info (276014): Found 2 instances of uninferred RAM logic
    Info (276004): RAM logic "udp:udp_inst|ipsend:ipsend_inst|preamble" is uninferred due to inappropriate RAM size File: C:/Users/briansuneZ/Desktop/AirraV_Prj/arria_v_golden_gmii_a/src/ipsend.v Line: 22
    Info (276004): RAM logic "udp:udp_inst|ipsend:ipsend_inst|mac_addr" is uninferred due to inappropriate RAM size File: C:/Users/briansuneZ/Desktop/AirraV_Prj/arria_v_golden_gmii_a/src/ipsend.v Line: 23
Critical Warning (127005): Memory depth (16) in the design file differs from memory depth (14) in the Memory Initialization File "C:/Users/briansuneZ/Desktop/AirraV_Prj/arria_v_golden_gmii_a/db/rgmii_a.ram1_ipsend_dcf860f0.hdl.mif" -- setting initial value for remaining addresses to 0
Warning (13032): The following tri-state nodes are fed by constants
    Warning (13033): The pin "e_mdio" is fed by VCC File: C:/Users/briansuneZ/Desktop/AirraV_Prj/arria_v_golden_gmii_a/src/rgmii_a.v Line: 10
Warning (13009): TRI or OPNDRN buffers permanently enabled
    Warning (13010): Node "e_mdio~synth" File: C:/Users/briansuneZ/Desktop/AirraV_Prj/arria_v_golden_gmii_a/src/rgmii_a.v Line: 10
Warning (13024): Output pins are stuck at VCC or GND
    Warning (13410): Pin "e_mdc" is stuck at VCC File: C:/Users/briansuneZ/Desktop/AirraV_Prj/arria_v_golden_gmii_a/src/rgmii_a.v Line: 9
Info (286030): Timing-Driven Synthesis is running
Info (16010): Generating hard_block partition "hard_block:auto_generated_inst"
    Info (16011): Adding 0 node(s), including 0 DDIO, 0 PLL, 0 transceiver and 0 LCELL
Warning (21074): Design contains 2 input pin(s) that do not drive logic
    Warning (15610): No output dependent on input pin "e_rxer" File: C:/Users/briansuneZ/Desktop/AirraV_Prj/arria_v_golden_gmii_a/src/rgmii_a.v Line: 15
    Warning (15610): No output dependent on input pin "e_txc" File: C:/Users/briansuneZ/Desktop/AirraV_Prj/arria_v_golden_gmii_a/src/rgmii_a.v Line: 19
Info (21057): Implemented 1130 device resources after synthesis - the final resource count might be different
    Info (21058): Implemented 14 input pins
    Info (21059): Implemented 13 output pins
    Info (21060): Implemented 1 bidirectional pins
    Info (21061): Implemented 1070 logic cells
    Info (21064): Implemented 32 RAM segments
Info: Quartus Prime Analysis & Synthesis was successful. 0 errors, 55 warnings
    Info: Peak virtual memory: 4898 megabytes
    Info: Processing ended: Sat Jun 27 13:54:52 2020
    Info: Elapsed time: 00:00:09
    Info: Total CPU time (on all processors): 00:00:18


