Assembler report for arria_v_sfp_a_si5338_udp
Tue Jun 30 22:53:51 2020
Quartus Prime Version 17.1.0 Build 590 10/25/2017 SJ Standard Edition


---------------------
; Table of Contents ;
---------------------
  1. Legal Notice
  2. Assembler Summary
  3. Assembler Settings
  4. Assembler Encrypted IP Cores Summary
  5. Assembler Generated Files
  6. Assembler Device Options: C:/Users/briansuneZ/Desktop/AirraV_Prj/arria_v_sfp_a_si5338_udp/output_files/arria_v_sfp_a_si5338_udp.sof
  7. Assembler Messages



----------------
; Legal Notice ;
----------------
Copyright (C) 2017  Intel Corporation. All rights reserved.
Your use of Intel Corporation's design tools, logic functions 
and other software and tools, and its AMPP partner logic 
functions, and any output files from any of the foregoing 
(including device programming or simulation files), and any 
associated documentation or information are expressly subject 
to the terms and conditions of the Intel Program License 
Subscription Agreement, the Intel Quartus Prime License Agreement,
the Intel FPGA IP License Agreement, or other applicable license
agreement, including, without limitation, that your use is for
the sole purpose of programming logic devices manufactured by
Intel and sold by Intel or its authorized distributors.  Please
refer to the applicable agreement for further details.



+---------------------------------------------------------------+
; Assembler Summary                                             ;
+-----------------------+---------------------------------------+
; Assembler Status      ; Successful - Tue Jun 30 22:53:51 2020 ;
; Revision Name         ; arria_v_sfp_a_si5338_udp              ;
; Top-level Entity Name ; arria_v_sfp_a_si5338_udp              ;
; Family                ; Arria V                               ;
; Device                ; 5AGTFC7H3F35I3                        ;
+-----------------------+---------------------------------------+


+----------------------------------+
; Assembler Settings               ;
+--------+---------+---------------+
; Option ; Setting ; Default Value ;
+--------+---------+---------------+


+--------------------------------------------------------+
; Assembler Encrypted IP Cores Summary                   ;
+--------+--------------------------------+--------------+
; Vendor ; IP Core Name                   ; License Type ;
+--------+--------------------------------+--------------+
; Altera ; 10GBASE-R PCS-PMA  (6AF7 00D2) ; Licensed     ;
+--------+--------------------------------+--------------+


+-----------------------------------------------------------------------------------------------------------+
; Assembler Generated Files                                                                                 ;
+-----------------------------------------------------------------------------------------------------------+
; File Name                                                                                                 ;
+-----------------------------------------------------------------------------------------------------------+
; C:/Users/briansuneZ/Desktop/AirraV_Prj/arria_v_sfp_a_si5338_udp/output_files/arria_v_sfp_a_si5338_udp.sof ;
+-----------------------------------------------------------------------------------------------------------+


+-------------------------------------------------------------------------------------------------------------------------------------+
; Assembler Device Options: C:/Users/briansuneZ/Desktop/AirraV_Prj/arria_v_sfp_a_si5338_udp/output_files/arria_v_sfp_a_si5338_udp.sof ;
+----------------+--------------------------------------------------------------------------------------------------------------------+
; Option         ; Setting                                                                                                            ;
+----------------+--------------------------------------------------------------------------------------------------------------------+
; JTAG usercode  ; 0x0356338E                                                                                                         ;
; Checksum       ; 0x0356338E                                                                                                         ;
+----------------+--------------------------------------------------------------------------------------------------------------------+


+--------------------+
; Assembler Messages ;
+--------------------+
Info: *******************************************************************
Info: Running Quartus Prime Assembler
    Info: Version 17.1.0 Build 590 10/25/2017 SJ Standard Edition
    Info: Processing started: Tue Jun 30 22:53:36 2020
Info: Command: quartus_asm --read_settings_files=off --write_settings_files=off arria_v_sfp_a_si5338_udp -c arria_v_sfp_a_si5338_udp
Info (115030): Assembler is generating device programming files
Info: Quartus Prime Assembler was successful. 0 errors, 0 warnings
    Info: Peak virtual memory: 5002 megabytes
    Info: Processing ended: Tue Jun 30 22:53:51 2020
    Info: Elapsed time: 00:00:15
    Info: Total CPU time (on all processors): 00:00:15


