Flow report for arria_v_golden_sfp_ddr_1066mhz
Sat Jul 04 05:10:47 2020
Quartus Prime Version 17.1.0 Build 590 10/25/2017 SJ Standard Edition


---------------------
; Table of Contents ;
---------------------
  1. Legal Notice
  2. Flow Summary
  3. Flow Settings
  4. Flow Non-Default Global Settings
  5. Flow Elapsed Time
  6. Flow OS Summary
  7. Flow Log
  8. Flow Messages
  9. Flow Suppressed Messages



----------------
; Legal Notice ;
----------------
Copyright (C) 2017  Intel Corporation. All rights reserved.
Your use of Intel Corporation's design tools, logic functions 
and other software and tools, and its AMPP partner logic 
functions, and any output files from any of the foregoing 
(including device programming or simulation files), and any 
associated documentation or information are expressly subject 
to the terms and conditions of the Intel Program License 
Subscription Agreement, the Intel Quartus Prime License Agreement,
the Intel FPGA IP License Agreement, or other applicable license
agreement, including, without limitation, that your use is for
the sole purpose of programming logic devices manufactured by
Intel and sold by Intel or its authorized distributors.  Please
refer to the applicable agreement for further details.



+-----------------------------------------------------------------------------------+
; Flow Summary                                                                      ;
+---------------------------------+-------------------------------------------------+
; Flow Status                     ; Successful - Sat Jul 04 05:10:47 2020           ;
; Quartus Prime Version           ; 17.1.0 Build 590 10/25/2017 SJ Standard Edition ;
; Revision Name                   ; arria_v_golden_sfp_ddr_1066mhz                  ;
; Top-level Entity Name           ; top                                             ;
; Family                          ; Arria V                                         ;
; Device                          ; 5AGTFC7H3F35I3                                  ;
; Timing Models                   ; Final                                           ;
; Logic utilization (in ALMs)     ; 4,055 / 91,680 ( 4 % )                          ;
; Total registers                 ; 6844                                            ;
; Total pins                      ; 126 / 656 ( 19 % )                              ;
; Total virtual pins              ; 0                                               ;
; Total block memory bits         ; 207,648 / 13,987,840 ( 1 % )                    ;
; Total DSP Blocks                ; 0 / 800 ( 0 % )                                 ;
; Total HSSI RX PCSs              ; 0 / 24 ( 0 % )                                  ;
; Total HSSI PMA RX Deserializers ; 0 / 24 ( 0 % )                                  ;
; Total HSSI TX PCSs              ; 0 / 24 ( 0 % )                                  ;
; Total HSSI PMA TX Serializers   ; 0 / 24 ( 0 % )                                  ;
; Total PLLs                      ; 1 / 36 ( 3 % )                                  ;
; Total DLLs                      ; 1 / 4 ( 25 % )                                  ;
+---------------------------------+-------------------------------------------------+


+----------------------------------------------------+
; Flow Settings                                      ;
+-------------------+--------------------------------+
; Option            ; Setting                        ;
+-------------------+--------------------------------+
; Start date & time ; 07/04/2020 05:05:37            ;
; Main task         ; Compilation                    ;
; Revision Name     ; arria_v_golden_sfp_ddr_1066mhz ;
+-------------------+--------------------------------+


+--------------------------------------------------------------------------------------------------------------------------------------------------------+
; Flow Non-Default Global Settings                                                                                                                       ;
+---------------------------------------+----------------------------------------------------+--------------------------------+-------------+------------+
; Assignment Name                       ; Value                                              ; Default Value                  ; Entity Name ; Section Id ;
+---------------------------------------+----------------------------------------------------+--------------------------------+-------------+------------+
; COMPILER_SIGNATURE_ID                 ; 49410866263611.159381033714816                     ; --                             ; --          ; --         ;
; ECO_REGENERATE_REPORT                 ; On                                                 ; Off                            ; --          ; --         ;
; EDA_SIMULATION_TOOL                   ; ModelSim-Altera (Verilog)                          ; <None>                         ; --          ; --         ;
; MAX_CORE_JUNCTION_TEMP                ; 100                                                ; --                             ; --          ; --         ;
; MIN_CORE_JUNCTION_TEMP                ; -40                                                ; --                             ; --          ; --         ;
; MISC_FILE                             ; ddr3_sfp_side/ddr3_sfp_side.cmp                    ; --                             ; --          ; --         ;
; MISC_FILE                             ; ddr3_sfp_side/ddr3_sfp_side/alt_mem_ddrx_define.iv ; --                             ; --          ; --         ;
; NUM_PARALLEL_PROCESSORS               ; All                                                ; --                             ; --          ; --         ;
; PARTITION_COLOR                       ; -- (Not supported for targeted family)             ; --                             ; top         ; Top        ;
; PARTITION_FITTER_PRESERVATION_LEVEL   ; -- (Not supported for targeted family)             ; --                             ; top         ; Top        ;
; PARTITION_NETLIST_TYPE                ; -- (Not supported for targeted family)             ; --                             ; top         ; Top        ;
; POWER_BOARD_THERMAL_MODEL             ; None (CONSERVATIVE)                                ; --                             ; --          ; --         ;
; POWER_PRESET_COOLING_SOLUTION         ; 23 MM HEAT SINK WITH 200 LFPM AIRFLOW              ; --                             ; --          ; --         ;
; PROJECT_OUTPUT_DIRECTORY              ; output_files                                       ; --                             ; --          ; --         ;
; SYNTHESIS_ONLY_QIP                    ; On                                                 ; --                             ; --          ; --         ;
; TOP_LEVEL_ENTITY                      ; top                                                ; arria_v_golden_sfp_ddr_1066mhz ; --          ; --         ;
; USE_DLL_FREQUENCY_FOR_DQS_DELAY_CHAIN ; On                                                 ; Off                            ; --          ; --         ;
+---------------------------------------+----------------------------------------------------+--------------------------------+-------------+------------+


+--------------------------------------------------------------------------------------------------------------------------+
; Flow Elapsed Time                                                                                                        ;
+----------------------+--------------+-------------------------+---------------------+------------------------------------+
; Module Name          ; Elapsed Time ; Average Processors Used ; Peak Virtual Memory ; Total CPU Time (on all processors) ;
+----------------------+--------------+-------------------------+---------------------+------------------------------------+
; Analysis & Synthesis ; 00:01:11     ; 2.1                     ; 5486 MB             ; 00:02:15                           ;
; Fitter               ; 00:03:34     ; 1.4                     ; 8702 MB             ; 00:11:43                           ;
; Assembler            ; 00:00:14     ; 1.0                     ; 5002 MB             ; 00:00:15                           ;
; Total                ; 00:04:59     ; --                      ; --                  ; 00:14:13                           ;
+----------------------+--------------+-------------------------+---------------------+------------------------------------+


+------------------------------------------------------------------------------------+
; Flow OS Summary                                                                    ;
+----------------------+------------------+------------+------------+----------------+
; Module Name          ; Machine Hostname ; OS Name    ; OS Version ; Processor type ;
+----------------------+------------------+------------+------------+----------------+
; Analysis & Synthesis ; DESKTOP-4UKJC18  ; Windows 10 ; 10.0       ; x86_64         ;
; Fitter               ; DESKTOP-4UKJC18  ; Windows 10 ; 10.0       ; x86_64         ;
; Assembler            ; DESKTOP-4UKJC18  ; Windows 10 ; 10.0       ; x86_64         ;
+----------------------+------------------+------------+------------+----------------+


------------
; Flow Log ;
------------
quartus_map --read_settings_files=on --write_settings_files=off arria_v_golden_sfp_ddr_1066mhz -c arria_v_golden_sfp_ddr_1066mhz
quartus_fit --read_settings_files=off --write_settings_files=off arria_v_golden_sfp_ddr_1066mhz -c arria_v_golden_sfp_ddr_1066mhz
quartus_asm --read_settings_files=off --write_settings_files=off arria_v_golden_sfp_ddr_1066mhz -c arria_v_golden_sfp_ddr_1066mhz



