Assembler report for arria_v_golden_sfp_ddr
Sun Jul 05 17:35:52 2020
Quartus Prime Version 17.1.0 Build 590 10/25/2017 SJ Standard Edition


---------------------
; Table of Contents ;
---------------------
  1. Legal Notice
  2. Assembler Summary
  3. Assembler Settings
  4. Assembler Generated Files
  5. Assembler Device Options: C:/Users/briansuneZ/Desktop/AirraV_Prj/arria_v_pcie_all/arria_v_golden_pcie_g2x4/output_files/arria_v_golden_sfp_ddr.sof
  6. Assembler Messages



----------------
; Legal Notice ;
----------------
Copyright (C) 2017  Intel Corporation. All rights reserved.
Your use of Intel Corporation's design tools, logic functions 
and other software and tools, and its AMPP partner logic 
functions, and any output files from any of the foregoing 
(including device programming or simulation files), and any 
associated documentation or information are expressly subject 
to the terms and conditions of the Intel Program License 
Subscription Agreement, the Intel Quartus Prime License Agreement,
the Intel FPGA IP License Agreement, or other applicable license
agreement, including, without limitation, that your use is for
the sole purpose of programming logic devices manufactured by
Intel and sold by Intel or its authorized distributors.  Please
refer to the applicable agreement for further details.



+---------------------------------------------------------------+
; Assembler Summary                                             ;
+-----------------------+---------------------------------------+
; Assembler Status      ; Successful - Sun Jul 05 17:35:52 2020 ;
; Revision Name         ; arria_v_golden_sfp_ddr                ;
; Top-level Entity Name ; top_wapper                            ;
; Family                ; Arria V                               ;
; Device                ; 5AGTFC7H3F35I3                        ;
+-----------------------+---------------------------------------+


+----------------------------------+
; Assembler Settings               ;
+--------+---------+---------------+
; Option ; Setting ; Default Value ;
+--------+---------+---------------+


+--------------------------------------------------------------------------------------------------------------------------+
; Assembler Generated Files                                                                                                ;
+--------------------------------------------------------------------------------------------------------------------------+
; File Name                                                                                                                ;
+--------------------------------------------------------------------------------------------------------------------------+
; C:/Users/briansuneZ/Desktop/AirraV_Prj/arria_v_pcie_all/arria_v_golden_pcie_g2x4/output_files/arria_v_golden_sfp_ddr.sof ;
+--------------------------------------------------------------------------------------------------------------------------+


+----------------------------------------------------------------------------------------------------------------------------------------------------+
; Assembler Device Options: C:/Users/briansuneZ/Desktop/AirraV_Prj/arria_v_pcie_all/arria_v_golden_pcie_g2x4/output_files/arria_v_golden_sfp_ddr.sof ;
+----------------+-----------------------------------------------------------------------------------------------------------------------------------+
; Option         ; Setting                                                                                                                           ;
+----------------+-----------------------------------------------------------------------------------------------------------------------------------+
; JTAG usercode  ; 0x0E699C21                                                                                                                        ;
; Checksum       ; 0x0E699C21                                                                                                                        ;
+----------------+-----------------------------------------------------------------------------------------------------------------------------------+


+--------------------+
; Assembler Messages ;
+--------------------+
Info: *******************************************************************
Info: Running Quartus Prime Assembler
    Info: Version 17.1.0 Build 590 10/25/2017 SJ Standard Edition
    Info: Processing started: Sun Jul 05 17:35:29 2020
Info: Command: quartus_asm --read_settings_files=off --write_settings_files=off arria_v_golden_sfp_ddr -c arria_v_golden_sfp_ddr
Warning (15104): Quartus Prime software detected a bonding design. Reconfiguration is not supported for Bonded designs and MIF is not created for this design. File: C:/Users/briansuneZ/Desktop/AirraV_Prj/arria_v_pcie_all/arria_v_golden_pcie_g2x4/db/ip/top/submodules/av_tx_pma_ch.sv Line: 195
Warning (15104): Quartus Prime software detected a bonding design. Reconfiguration is not supported for Bonded designs and MIF is not created for this design. File: C:/Users/briansuneZ/Desktop/AirraV_Prj/arria_v_pcie_all/arria_v_golden_pcie_g2x4/db/ip/top/submodules/av_tx_pma_ch.sv Line: 195
Warning (15104): Quartus Prime software detected a bonding design. Reconfiguration is not supported for Bonded designs and MIF is not created for this design. File: C:/Users/briansuneZ/Desktop/AirraV_Prj/arria_v_pcie_all/arria_v_golden_pcie_g2x4/db/ip/top/submodules/av_tx_pma_ch.sv Line: 195
Warning (15104): Quartus Prime software detected a bonding design. Reconfiguration is not supported for Bonded designs and MIF is not created for this design. File: C:/Users/briansuneZ/Desktop/AirraV_Prj/arria_v_pcie_all/arria_v_golden_pcie_g2x4/db/ip/top/submodules/av_tx_pma_ch.sv Line: 195
Info (115030): Assembler is generating device programming files
Info: Quartus Prime Assembler was successful. 0 errors, 4 warnings
    Info: Peak virtual memory: 5177 megabytes
    Info: Processing ended: Sun Jul 05 17:35:52 2020
    Info: Elapsed time: 00:00:23
    Info: Total CPU time (on all processors): 00:00:23


