Flow report for arria_v_golden_sfp_ddr
Sun Jul 05 17:35:52 2020
Quartus Prime Version 17.1.0 Build 590 10/25/2017 SJ Standard Edition


---------------------
; Table of Contents ;
---------------------
  1. Legal Notice
  2. Flow Summary
  3. Flow Settings
  4. Flow Non-Default Global Settings
  5. Flow Elapsed Time
  6. Flow OS Summary
  7. Flow Log
  8. Flow Messages
  9. Flow Suppressed Messages



----------------
; Legal Notice ;
----------------
Copyright (C) 2017  Intel Corporation. All rights reserved.
Your use of Intel Corporation's design tools, logic functions 
and other software and tools, and its AMPP partner logic 
functions, and any output files from any of the foregoing 
(including device programming or simulation files), and any 
associated documentation or information are expressly subject 
to the terms and conditions of the Intel Program License 
Subscription Agreement, the Intel Quartus Prime License Agreement,
the Intel FPGA IP License Agreement, or other applicable license
agreement, including, without limitation, that your use is for
the sole purpose of programming logic devices manufactured by
Intel and sold by Intel or its authorized distributors.  Please
refer to the applicable agreement for further details.



+-----------------------------------------------------------------------------------+
; Flow Summary                                                                      ;
+---------------------------------+-------------------------------------------------+
; Flow Status                     ; Successful - Sun Jul 05 17:35:52 2020           ;
; Quartus Prime Version           ; 17.1.0 Build 590 10/25/2017 SJ Standard Edition ;
; Revision Name                   ; arria_v_golden_sfp_ddr                          ;
; Top-level Entity Name           ; top_wapper                                      ;
; Family                          ; Arria V                                         ;
; Device                          ; 5AGTFC7H3F35I3                                  ;
; Timing Models                   ; Final                                           ;
; Logic utilization (in ALMs)     ; 12,142 / 91,680 ( 13 % )                        ;
; Total registers                 ; 21141                                           ;
; Total pins                      ; 30 / 656 ( 5 % )                                ;
; Total virtual pins              ; 0                                               ;
; Total block memory bits         ; 4,620,466 / 13,987,840 ( 33 % )                 ;
; Total DSP Blocks                ; 0 / 800 ( 0 % )                                 ;
; Total HSSI RX PCSs              ; 4 / 24 ( 17 % )                                 ;
; Total HSSI PMA RX Deserializers ; 4 / 24 ( 17 % )                                 ;
; Total HSSI TX PCSs              ; 4 / 24 ( 17 % )                                 ;
; Total HSSI PMA TX Serializers   ; 4 / 24 ( 17 % )                                 ;
; Total PLLs                      ; 5 / 36 ( 14 % )                                 ;
; Total DLLs                      ; 0 / 4 ( 0 % )                                   ;
+---------------------------------+-------------------------------------------------+


+--------------------------------------------+
; Flow Settings                              ;
+-------------------+------------------------+
; Option            ; Setting                ;
+-------------------+------------------------+
; Start date & time ; 07/05/2020 17:27:39    ;
; Main task         ; Compilation            ;
; Revision Name     ; arria_v_golden_sfp_ddr ;
+-------------------+------------------------+


+----------------------------------------------------------------------------------------------------------------------------------------+
; Flow Non-Default Global Settings                                                                                                       ;
+---------------------------------------+----------------------------------------+------------------------+-------------+----------------+
; Assignment Name                       ; Value                                  ; Default Value          ; Entity Name ; Section Id     ;
+---------------------------------------+----------------------------------------+------------------------+-------------+----------------+
; COMPILER_SIGNATURE_ID                 ; 49410866263611.159394125916288         ; --                     ; --          ; --             ;
; ECO_REGENERATE_REPORT                 ; On                                     ; Off                    ; --          ; --             ;
; EDA_OUTPUT_DATA_FORMAT                ; Verilog Hdl                            ; --                     ; --          ; eda_simulation ;
; EDA_SIMULATION_TOOL                   ; ModelSim-Altera (Verilog)              ; <None>                 ; --          ; --             ;
; EDA_TIME_SCALE                        ; 1 ps                                   ; --                     ; --          ; eda_simulation ;
; MAX_CORE_JUNCTION_TEMP                ; 100                                    ; --                     ; --          ; --             ;
; MIN_CORE_JUNCTION_TEMP                ; -40                                    ; --                     ; --          ; --             ;
; NUM_PARALLEL_PROCESSORS               ; All                                    ; --                     ; --          ; --             ;
; PARTITION_COLOR                       ; -- (Not supported for targeted family) ; --                     ; top_wapper  ; Top            ;
; PARTITION_FITTER_PRESERVATION_LEVEL   ; -- (Not supported for targeted family) ; --                     ; top_wapper  ; Top            ;
; PARTITION_NETLIST_TYPE                ; -- (Not supported for targeted family) ; --                     ; top_wapper  ; Top            ;
; POWER_BOARD_THERMAL_MODEL             ; None (CONSERVATIVE)                    ; --                     ; --          ; --             ;
; POWER_PRESET_COOLING_SOLUTION         ; 23 MM HEAT SINK WITH 200 LFPM AIRFLOW  ; --                     ; --          ; --             ;
; PROJECT_OUTPUT_DIRECTORY              ; output_files                           ; --                     ; --          ; --             ;
; TOP_LEVEL_ENTITY                      ; top_wapper                             ; arria_v_golden_sfp_ddr ; --          ; --             ;
; USE_DLL_FREQUENCY_FOR_DQS_DELAY_CHAIN ; On                                     ; Off                    ; --          ; --             ;
+---------------------------------------+----------------------------------------+------------------------+-------------+----------------+


+--------------------------------------------------------------------------------------------------------------------------+
; Flow Elapsed Time                                                                                                        ;
+----------------------+--------------+-------------------------+---------------------+------------------------------------+
; Module Name          ; Elapsed Time ; Average Processors Used ; Peak Virtual Memory ; Total CPU Time (on all processors) ;
+----------------------+--------------+-------------------------+---------------------+------------------------------------+
; Analysis & Synthesis ; 00:02:14     ; 1.4                     ; 5650 MB             ; 00:03:19                           ;
; Fitter               ; 00:05:16     ; 1.4                     ; 8306 MB             ; 00:17:07                           ;
; Assembler            ; 00:00:23     ; 1.0                     ; 5177 MB             ; 00:00:23                           ;
; Total                ; 00:07:53     ; --                      ; --                  ; 00:20:49                           ;
+----------------------+--------------+-------------------------+---------------------+------------------------------------+


+------------------------------------------------------------------------------------+
; Flow OS Summary                                                                    ;
+----------------------+------------------+------------+------------+----------------+
; Module Name          ; Machine Hostname ; OS Name    ; OS Version ; Processor type ;
+----------------------+------------------+------------+------------+----------------+
; Analysis & Synthesis ; DESKTOP-4UKJC18  ; Windows 10 ; 10.0       ; x86_64         ;
; Fitter               ; DESKTOP-4UKJC18  ; Windows 10 ; 10.0       ; x86_64         ;
; Assembler            ; DESKTOP-4UKJC18  ; Windows 10 ; 10.0       ; x86_64         ;
+----------------------+------------------+------------+------------+----------------+


------------
; Flow Log ;
------------
quartus_map --read_settings_files=on --write_settings_files=off arria_v_golden_sfp_ddr -c arria_v_golden_sfp_ddr
quartus_fit --read_settings_files=off --write_settings_files=off arria_v_golden_sfp_ddr -c arria_v_golden_sfp_ddr
quartus_asm --read_settings_files=off --write_settings_files=off arria_v_golden_sfp_ddr -c arria_v_golden_sfp_ddr



